[2026-07-06T03:33:56Z INFO ] 🚀 A new version of espflash is available: v4.4.0
[2026-07-06T03:33:56Z INFO ] Serial port: '/dev/cu.usbmodem1101'
[2026-07-06T03:33:56Z INFO ] Connecting...
[2026-07-06T03:33:56Z INFO ] Using flash stub
ESP-ROM:esp32s3-20210327
Build:Mar 27 2021
rst:0x15 (USB_UART_CHIP_RESET),boot:0x28 (SPI_FAST_FLASH_BOOT)
Saved PC:0x40378ca5
SPIWP:0xee
mode:DIO, clock div:1
load:0x3fce2810,len:0x15a0
load:0x403c8700,len:0x4
load:0x403c8704,len:0xd24
load:0x403cb700,len:0x2f04
entry 0x403c8928
I (26) boot: ESP-IDF v5.4.1-426-g3ad36321ea 2nd stage bootloader
I (27) boot: compile time Apr 24 2025 15:55:11
I (27) boot: Multicore bootloader
I (28) boot: chip revision: v0.2
I (31) boot: efuse block revision: v1.3
I (35) boot.esp32s3: Boot SPI Speed : 80MHz
I (39) boot.esp32s3: SPI Mode       : DIO
I (42) boot.esp32s3: SPI Flash Size : 16MB
I (46) boot: Enabling RNG early entropy source...
I (51) boot: Partition Table:
I (53) boot: ## Label            Usage          Type ST Offset   Length
I (60) boot:  0 nvs              WiFi data        01 02 00009000 00006000
I (66) boot:  1 phy_init         RF data          01 01 0000f000 00001000
I (73) boot:  2 factory          factory app      00 00 00010000 00400000
I (79) boot:  3 www              Unknown data     01 82 00410000 00300000
I (86) boot:  4 ota_0            OTA app          00 10 00710000 00400000
I (92) boot:  5 ota_1            OTA app          00 11 00b10000 00400000
I (99) boot:  6 otadata          OTA data         01 00 00f10000 00002000
I (105) boot:  7 coredump         Unknown data     01 03 00f12000 00010000
I (112) boot: End of partition table
I (115) boot: Defaulting to factory image
I (119) esp_image: segment 0: paddr=00010020 vaddr=3c140020 size=44a34h (281140) map
I (176) esp_image: segment 1: paddr=00054a5c vaddr=3fc9c300 size=05b64h ( 23396) load
I (181) esp_image: segment 2: paddr=0005a5c8 vaddr=40374000 size=05a50h ( 23120) load
I (187) esp_image: segment 3: paddr=00060020 vaddr=42000020 size=13cdc8h (1297864) map
I (416) esp_image: segment 4: paddr=0019cdf0 vaddr=40379a50 size=12834h ( 75828) load
I (433) esp_image: segment 5: paddr=001af62c vaddr=50000000 size=00020h (    32) load
I (443) boot: Loaded app from partition at offset 0x10000
I (443) boot: Disabling RNG early entropy source...
I (453) octal_psram: vendor id    : 0x0d (AP)
I (453) octal_psram: dev id       : 0x02 (generation 3)
I (454) octal_psram: density      : 0x03 (64 Mbit)
I (455) octal_psram: good-die     : 0x01 (Pass)
I (460) octal_psram: Latency      : 0x01 (Fixed)
I (464) octal_psram: VCC          : 0x01 (3V)
I (468) octal_psram: SRF          : 0x01 (Fast Refresh)
I (473) octal_psram: BurstType    : 0x01 (Hybrid Wrap)
I (478) octal_psram: BurstLen     : 0x01 (32 Byte)
I (482) octal_psram: Readlatency  : 0x02 (10 cycles@Fixed)
I (488) octal_psram: DriveStrength: 0x00 (1/1)
I (492) MSPI Timing: Enter psram timing tuning
I (497) esp_psram: Found 8MB PSRAM device
I (500) esp_psram: Speed: 80MHz
I (503) cpu_start: Multicore app
I (929) esp_psram: SPI SRAM memory test OK
I (937) cpu_start: GPIO 44 and 43 are used as console UART I/O pins
I (938) cpu_start: Pro cpu start user code
I (938) cpu_start: cpu freq: 160000000 Hz
I (939) app_init: Application information:
I (943) app_init: Project name:     libespidf
I (947) app_init: App version:      dc9266e-dirty
I (952) app_init: Compile time:     Jun 28 2026 15:45:05
I (957) app_init: ELF file SHA256:  000000000...
I (961) app_init: ESP-IDF:          v5.5.4
I (965) efuse_init: Min chip rev:     v0.0
I (969) efuse_init: Max chip rev:     v0.99 
I (973) efuse_init: Chip rev:         v0.2
I (977) heap_init: Initializing. RAM available for dynamic allocation:
I (983) heap_init: At 3FCA32A0 len 00046470 (281 KiB): RAM
I (988) heap_init: At 3FCE9710 len 00005724 (21 KiB): RAM
I (993) heap_init: At 3FCF0000 len 00008000 (32 KiB): DRAM
I (998) heap_init: At 600FE000 len 00001FE8 (7 KiB): RTCRAM
I (1004) esp_psram: Adding pool of 8178K of PSRAM memory to heap allocator
I (1011) spi_flash: detected chip: gd
I (1014) spi_flash: flash io: dio
W (1017) i2c: This driver is an old driver, please migrate your application code to adapt `driver/i2c_master.h`
I (1027) sleep_gpio: Configure to isolate all GPIO pins in sleep state
I (1033) sleep_gpio: Enable automatic switching of GPIO sleep configuration
I (1040) main_task: Started on CPU0
I (1050) esp_psram: Reserving pool of 32K of internal memory for DMA/internal allocations
I (1050) main_task: Calling app_main()
I (1050) bitaxe_firmware: bitaxe-rust boot: board=Ultra 205 asic=BM1366
I (1080) bitaxe_firmware: safe_state: mining=disabled asic_work_submission=disabled hardware_control=disabled
I (1090) esp_idf_svc::nvs: EspNvs dropped
I (1090) esp_idf_svc::nvs: NvsDefault dropped
W (1090) bitaxe_firmware::display_adapter: display_input_status=runtime_gap reason=hardware_evidence_pending startup_only=true
W (1100) bitaxe_firmware: display_status=deferred reason=phase27_safety_i2c0_in_use
I (1110) bitaxe_firmware::safety_adapter::phase27_bring_up: phase27_safety_bring_up=started
I (1120) bitaxe_firmware::asic_adapter::reset: asic_status=hold_reset_low gpio=1
I (1120) bitaxe_firmware::safety_adapter::asic_enable: asic_enable_status=active gpio=10
I (1130) bitaxe_firmware::safety_adapter::ds4432u: safety_voltage_effect=write setpoint_v=1.200 register=0xc6
I (1140) bitaxe_firmware::safety_adapter::emc2101: safety_fan_effect=write percent=70 register=0x2c
I (1660) bitaxe_firmware::safety_adapter::phase27_bring_up: safety_power_status=observed
W (1660) bitaxe_firmware::safety_adapter::phase27_bring_up: safety_thermal_status=fault category=thermal_reading_invalid
I (1660) bitaxe_firmware::safety_adapter::phase27_bring_up: safety_fan_status=startup_duty percent=70 rpm=7346
I (1890) bitaxe_firmware::safety_adapter::phase27_bring_up: asic_reset_status=post_bring_up_pulse
I (1890) bitaxe_firmware::safety_adapter::phase27_bring_up: phase27_safety_bring_up=complete
I (1890) uart: queue free spaces: 10
I (1900) bitaxe_firmware::asic_adapter::status: asic_status=chip_detect_only initialized=false mining=disabled work_submission=disabled
I (1910) bitaxe_firmware::asic_adapter::uart: asic_uart_trace=wait_tx_done outcome=Ok(()) elapsed_ms=0
I (1920) bitaxe_firmware::asic_adapter::uart: asic_uart_trace=tx len=11 hex=55 aa 51 09 00 a4 90 00 ff ff 1c
I (1930) bitaxe_firmware::asic_adapter::uart: asic_uart_trace=tx len=11 hex=55 aa 51 09 00 a4 90 00 ff ff 1c
I (1930) bitaxe_firmware::asic_adapter::uart: asic_uart_trace=tx len=11 hex=55 aa 51 09 00 a4 90 00 ff ff 1c
I (1940) bitaxe_firmware::asic_adapter::uart: asic_uart_trace=tx len=7 hex=55 aa 52 05 00 00 0a
I (1950) bitaxe_firmware::asic_adapter::uart: asic_uart_trace=wait_tx_done outcome=Ok(()) elapsed_ms=0
I (1960) bitaxe_firmware::asic_adapter::uart: asic_uart_trace=rx read_index=1 chunk_bytes=11 total_bytes=11 remaining_ms=999
I (1970) bitaxe_firmware::asic_adapter::uart: asic_uart_trace=rx_chunk hex=aa 55 13 66 00 00 00 00 00 00 05
I (1980) bitaxe_firmware::asic_adapter::uart: asic_uart_trace=rx_complete read_count=1 hex=aa 55 13 66 00 00 00 00 00 00 05
I (1990) bitaxe_firmware::asic_adapter::status: asic_status=chip_detected chips=1 initialized=false mining=disabled work_submission=disabled
I (2010) bitaxe_firmware::asic_adapter: asic_work_result_trace=mining_ready_init_started chip_count=1 actions=23
I (2010) bitaxe_firmware::asic_adapter: asic_work_result_trace=init_action kind=write_frame len=11
I (2020) bitaxe_firmware::asic_adapter::uart: asic_uart_trace=tx len=11 hex=55 aa 51 09 00 a8 00 07 00 00 03
I (2030) bitaxe_firmware::asic_adapter: asic_work_result_trace=init_action kind=write_frame len=11
I (2040) bitaxe_firmware::asic_adapter::uart: asic_uart_trace=tx len=11 hex=55 aa 51 09 00 18 ff 0f c1 00 00
I (2050) bitaxe_firmware::asic_adapter: asic_work_result_trace=init_action kind=write_frame len=7
I (2060) bitaxe_firmware::asic_adapter::uart: asic_uart_trace=tx len=7 hex=55 aa 53 05 00 00 03
I (2070) bitaxe_firmware::asic_adapter: asic_work_result_trace=init_action kind=write_frame len=7
I (2080) bitaxe_firmware::asic_adapter::uart: asic_uart_trace=tx len=7 hex=55 aa 40 05 00 00 1c
I (2090) bitaxe_firmware::asic_adapter: asic_work_result_trace=init_action kind=write_frame len=11
I (2090) bitaxe_firmware::asic_adapter::uart: asic_uart_trace=tx len=11 hex=55 aa 51 09 00 3c 80 00 85 40 0c
I (2100) bitaxe_firmware::asic_adapter: asic_work_result_trace=init_action kind=write_frame len=11
I (2110) bitaxe_firmware::asic_adapter::uart: asic_uart_trace=tx len=11 hex=55 aa 51 09 00 3c 80 00 80 20 19
I (2120) bitaxe_firmware::asic_adapter: asic_work_result_trace=init_action kind=write_frame len=11
I (2130) bitaxe_firmware::asic_adapter::uart: asic_uart_trace=tx len=11 hex=55 aa 51 09 00 14 00 00 80 ff 04
I (2140) bitaxe_firmware::asic_adapter: asic_work_result_trace=init_action kind=write_frame len=11
I (2150) bitaxe_firmware::asic_adapter::uart: asic_uart_trace=tx len=11 hex=55 aa 51 09 00 54 00 00 00 03 1d
I (2160) bitaxe_firmware::asic_adapter: asic_work_result_trace=init_action kind=write_frame len=11
I (2170) bitaxe_firmware::asic_adapter::uart: asic_uart_trace=tx len=11 hex=55 aa 51 09 00 58 02 11 11 11 06
I (2180) bitaxe_firmware::asic_adapter: asic_work_result_trace=init_action kind=write_frame len=11
I (2190) bitaxe_firmware::asic_adapter::uart: asic_uart_trace=tx len=11 hex=55 aa 41 09 00 2c 00 7c 00 03 03
I (2190) bitaxe_firmware::asic_adapter: asic_work_result_trace=init_action kind=write_frame len=11
I (2200) bitaxe_firmware::asic_adapter::uart: asic_uart_trace=tx len=11 hex=55 aa 41 09 00 a8 00 07 01 f0 15
I (2210) bitaxe_firmware::asic_adapter: asic_work_result_trace=init_action kind=write_frame len=11
I (2220) bitaxe_firmware::asic_adapter::uart: asic_uart_trace=tx len=11 hex=55 aa 41 09 00 18 f0 00 c1 00 0c
I (2230) bitaxe_firmware::asic_adapter: asic_work_result_trace=init_action kind=write_frame len=11
I (2240) bitaxe_firmware::asic_adapter::uart: asic_uart_trace=tx len=11 hex=55 aa 41 09 00 3c 80 00 85 40 04
I (2250) bitaxe_firmware::asic_adapter: asic_work_result_trace=init_action kind=write_frame len=11
I (2260) bitaxe_firmware::asic_adapter::uart: asic_uart_trace=tx len=11 hex=55 aa 41 09 00 3c 80 00 80 20 11
I (2270) bitaxe_firmware::asic_adapter: asic_work_result_trace=init_action kind=write_frame len=11
I (2280) bitaxe_firmware::asic_adapter::uart: asic_uart_trace=tx len=11 hex=55 aa 41 09 00 3c 80 00 82 aa 05
I (2290) bitaxe_firmware::asic_adapter: asic_work_result_trace=init_action kind=write_frame len=11
I (2290) bitaxe_firmware::asic_adapter::uart: asic_uart_trace=tx len=11 hex=55 aa 51 09 00 08 50 c2 02 40 1c
I (2300) bitaxe_firmware::asic_adapter: asic_work_result_trace=init_action kind=write_frame len=11
I (2310) bitaxe_firmware::asic_adapter::uart: asic_uart_trace=tx len=11 hex=55 aa 51 09 00 10 00 0d 32 24 10
I (2320) bitaxe_firmware::asic_adapter: asic_work_result_trace=init_action kind=write_frame len=11
I (2330) bitaxe_firmware::asic_adapter::uart: asic_uart_trace=tx len=11 hex=55 aa 51 09 00 a4 90 00 ff ff 1c
I (2340) bitaxe_firmware::asic_adapter: asic_work_result_trace=init_action kind=write_frame len=11
I (2350) bitaxe_firmware::asic_adapter::uart: asic_uart_trace=tx len=11 hex=55 aa 51 09 00 28 11 30 02 00 03
I (2360) bitaxe_firmware::asic_adapter: asic_work_result_trace=init_action kind=wait_tx_done timeout_ms=1000
I (2370) bitaxe_firmware::asic_adapter::uart: asic_uart_trace=wait_tx_done outcome=Ok(()) elapsed_ms=0
I (2380) bitaxe_firmware::asic_adapter: asic_work_result_trace=init_action kind=use_max_baud baud=1000000
I (2390) bitaxe_firmware::asic_adapter::uart: asic_uart_trace=wait_tx_done outcome=Ok(()) elapsed_ms=0
I (2400) bitaxe_firmware::asic_adapter: asic_work_result_trace=init_action kind=clear_rx
I (2400) bitaxe_firmware::asic_adapter::uart: asic_uart_trace=clear_rx
I (2410) bitaxe_firmware::asic_adapter: asic_work_result_trace=init_action kind=publish_status status=InitializedNoMining
I (2420) bitaxe_firmware::asic_adapter::status: asic_status=initialized_no_mining initialized=true mining=disabled work_submission=disabled
I (2430) bitaxe_firmware::asic_adapter: asic_work_result_trace=mining_ready_init_complete
I (2440) bitaxe_firmware::asic_adapter::status: asic_work_result_diagnostic=started mining=disabled work_submission=disabled
I (2450) bitaxe_firmware::asic_adapter::uart: asic_uart_trace=tx len=88 hex=55 aa 21 56 28 01 01 02 03 04 05 06 07 08 09 0a 0b 0c 11 11 11 11 11 11 11 11 11 11 11 11 11 11 11 11 11 11 11 11 11 11 11 11 11 11 11 11 11 11 11 11 22 22 22 22 22 22 22 22 22 22 22 22 22 22 22 22 22 22 22 22 22 22 22 22 22 22 22 22 22 22 22 22 33 34 35 36 1c 1f
I (2480) bitaxe_firmware::asic_adapter::uart: asic_uart_trace=wait_tx_done outcome=Ok(()) elapsed_ms=0
I (2490) bitaxe_firmware::asic_adapter: asic_work_result_trace=work_tx_done elapsed_from_dispatch=0
I (2500) bitaxe_firmware::asic_adapter::status: bm1366_diagnostic_work=dispatched job_id=0x28 bytes=88 mining=disabled
I (2510) bitaxe_firmware::asic_adapter: asic_work_result_trace=result_read_start address_interval=256 timeout_ms=10000
I (12520) bitaxe_firmware::asic_adapter: asic_work_result_trace=initialized_no_mining_bootstrap timeout
I (12520) bitaxe_firmware::asic_adapter::status: bm1366_diagnostic_result=bounded_no_result bootstrap=initialized_no_mining mining=disabled work_submission=disabled
I (12530) bitaxe_firmware::asic_adapter::status: asic_production_status=initialized
I (12540) bitaxe_firmware::boot_validation: ota_boot_validation=not_pending state=factory
I (12540) bitaxe_firmware::safety_adapter::watchdog: safety_supervisor=started thread=bitaxe-safety-supervisor cadence_ms=100
I (12550) bitaxe_firmware::safety_adapter::watchdog: safety_supervisor_step=yield reason=yield_interval_reached
I (12570) pp: pp rom version: e7ae62f
I (12570) net80211: net80211 rom version: e7ae62f
I (12580) wifi:wifi driver task: 3fcb2c40, prio:23, stack:6656, core=0
I (12580) wifi:wifi firmware version: 0947e8b
I (12580) wifi:wifi certification version: v7.0
I (12590) wifi:config NVS flash: disabled
I (12590) wifi:config nano formatting: disabled
I (12590) wifi:Init data frame dynamic rx buffer num: 32
I (12600) wifi:Init static rx mgmt buffer num: 5
I (12600) wifi:Init management short buffer num: 32
I (12610) wifi:Init static tx buffer num: 16
I (12610) wifi:Init tx cache buffer num: 32
I (12620) wifi:Init static tx FG buffer num: 2
I (12620) wifi:Init static rx buffer size: 1600
I (12630) wifi:Init static rx buffer num: 16
I (12630) wifi:Init dynamic rx buffer num: 32
I (12630) wifi_init: rx ba win: 16
I (12640) wifi_init: accept mbox: 6
I (12640) wifi_init: tcpip mbox: 32
I (12640) wifi_init: udp mbox: 6
I (12650) wifi_init: tcp mbox: 6
I (12650) wifi_init: tcp tx win: 5760
I (12650) wifi_init: tcp rx win: 5760
I (12660) wifi_init: tcp mss: 1440
I (12660) wifi_init: WiFi/LWIP prefer SPIRAM
I (12660) wifi_init: WiFi IRAM OP enabled
I (12670) wifi_init: WiFi RX IRAM OP enabled
I (12670) bitaxe_firmware::wifi_adapter: wifi_hostname_status=applied
I (12680) phy_init: phy_version 711,97bcf0a2,Aug 25 2025,19:04:10
W (12680) phy_init: failed to load RF calibration data (0x1102), falling back to full calibration
I (12720) phy_init: Saving new calibration data due to checksum failure or outdated calibration data, mode(2)
I (12740) wifi:mode : sta ([redacted-mac])
I (12740) wifi:enable tsf
I (15220) wifi:new:<11,0>, old:<1,0>, ap:<255,255>, sta:<11,0>, prof:1, snd_ch_cfg:0x0
I (15220) wifi:state: init -> auth (0xb0)
I (15230) wifi:state: auth -> assoc (0x0)
I (15250) wifi:state: assoc -> run (0x10)
I (15290) wifi:connected with [redacted-ssid], aid = 1, channel 11, BW20, bssid = [redacted-mac]
I (15290) wifi:security: WPA2-PSK, phy: bgn, rssi: -39, cipher(pairwise:0x3, group:0x3), pmf:0
I (15290) wifi:pm start, type: 1

I (15290) wifi:dp: 1, bi: 102400, li: 3, scale listen interval from 307200 us to 307200 us
I (15300) wifi:set rx beacon pti, rx_bcn_pti: 0, bcn_timeout: 25000, mt_pti: 0, mt_time: 10000
I (15350) wifi:dp: 2, bi: 102400, li: 4, scale listen interval from 307200 us to 409600 us
I (15350) wifi:AP's beacon interval = 102400 us, DTIM period = 2
I (15570) wifi:<ba-add>idx:0 (ifx:0, [redacted-mac]), tid:0, ssn:0, winSize:64
I (15810) wifi:<ba-add>idx:1 (ifx:0, [redacted-mac]), tid:6, ssn:2, winSize:64
I (16830) esp_netif_handlers: sta ip: [redacted-ip], mask: [redacted-ip], gw: [redacted-ip]
I (16830) bitaxe_firmware::wifi_adapter: wifi_status=connected ipv4=[redacted-ip][redacted-ip] device_url=[redacted-url]
I (17010) bitaxe_firmware::filesystem: spiffs_mount=available partition=www total_bytes=2884241 used_bytes=4518
I (17020) esp_idf_svc::http::server: Started Httpd server with config Configuration { http_port: 80, ctrl_port: 32768, https_port: 443, core: None, max_sessions: 16, session_timeout: 1200s, task_caps: 2052, stack_size: 8192, max_open_sockets: 7, max_uri_handlers: 32, max_resp_headers: 8, lru_purge_enable: true, uri_match_wildcard: true }
I (17050) esp_idf_svc::nvs: EspNvs dropped
I (17050) esp_idf_svc::nvs: NvsDefault dropped
I (17050) esp_idf_svc::http::server: Registered Httpd server handler Get for URI "/recovery"
I (17060) esp_idf_svc::http::server: Registered Httpd server handler Get for URI "/api/system/info"
I (17070) esp_idf_svc::http::server: Registered Httpd server handler Patch for URI "/api/system"
I (17070) esp_idf_svc::http::server: Registered Httpd server handler Get for URI "/api/system/logs"
I (17080) esp_idf_svc::http::server: Registered Httpd server handler Get for URI "/api/system/asic"
I (17090) esp_idf_svc::http::server: Registered Httpd server handler Get for URI "/api/system/statistics"
I (17100) esp_idf_svc::http::server: Registered Httpd server handler Get for URI "/api/system/scoreboard"
I (17110) esp_idf_svc::http::server: Registered Httpd server handler Post for URI "/api/system/pause"
I (17120) esp_idf_svc::http::server: Registered Httpd server handler Post for URI "/api/system/resume"
I (17130) esp_idf_svc::http::server: Registered Httpd server handler Post for URI "/api/system/restart"
I (17140) esp_idf_svc::http::server: Registered Httpd server handler Post for URI "/api/system/identify"
I (17150) esp_idf_svc::http::server: Registered Httpd server handler Post for URI "/api/system/blockFound/dismiss"
I (17160) esp_idf_svc::http::server: Registered Httpd server handler Post for URI "/api/system/OTA"
I (17170) esp_idf_svc::http::server: Registered Httpd server handler Post for URI "/api/system/OTAWWW"
I (17170) esp_idf_svc::http::server: Registered Httpd server handler Get for URI "/api/*"
I (17180) esp_idf_svc::http::server: Registered Httpd server handler Post for URI "/api/*"
I (17190) esp_idf_svc::http::server: Registered Httpd server handler Patch for URI "/api/*"
I (17200) esp_idf_svc::http::server: Registered Httpd server handler Get for URI "/*"
I (17210) bitaxe_firmware::http_api: axeos_api_route_shell=started manifest_routes=17 firmware_update_routes=1 otawww_gap_routes=1 recovery_routes=1 static_file_routes=1
I (17220) bitaxe_firmware::live_stratum_runtime: phase25_watchdog_checkpoint=socket decision=continue redacted=true
I (17230) bitaxe_firmware::live_stratum_runtime: phase25_watchdog_checkpoint=asic decision=continue redacted=true
I (17240) bitaxe_firmware::live_stratum_runtime: phase25_watchdog_checkpoint=api decision=continue redacted=true
I (17250) bitaxe_firmware::live_stratum_runtime: phase25_watchdog_checkpoint=websocket decision=continue redacted=true
I (17260) bitaxe_firmware::live_stratum_runtime: phase25_watchdog_checkpoint=evidence_capture decision=continue redacted=true
I (17270) bitaxe_firmware: reset_reason=11
I (17280) bitaxe_firmware: partition=factory
I (17280) bitaxe_firmware: psram_status=available
I (17280) bitaxe_firmware: firmware_commit=dbb7a440555a
I (17290) bitaxe_firmware: reference_commit=c1915b0a63bfabebdb95a515cedfee05146c1d50
I (17300) bitaxe_firmware: esp_idf_version=v5.5.4
I (17300) bitaxe_firmware: rust_target=xtensa-esp32s3-espidf
I (17310) main_task: Returned from app_main()
I (17780) bitaxe_firmware::live_stratum_runtime: phase25_live_stratum_status=waiting_for_pool_settings redacted=true
I (18510) bitaxe_firmware::http_api: axeos_settings_patch=accepted writes=4 effects=0
I (18530) esp_idf_svc::nvs: EspNvs dropped
I (18530) bitaxe_firmware::http_api: axeos_settings_patch=persistence_committed writes=4
I (18530) bitaxe_firmware::live_stratum_runtime: phase21_pool_settings_consumed=true source=settings_patch redacted=true
I (18540) bitaxe_firmware::http_api: axeos_settings_patch=response_scheduled status=200 empty_body=true
I (18550) bitaxe_firmware::http_api: axeos_settings_patch=effects_scheduled
I (18560) esp_idf_svc::nvs: EspNvs dropped
I (18560) esp_idf_svc::nvs: NvsDefault dropped
I (18670) bitaxe_firmware::live_stratum_runtime: phase21_pool_settings_consumed=true source=settings_patch redacted=true
I (18670) bitaxe_firmware::live_stratum_runtime: phase25_live_stratum_status=connecting redacted=true
I (18760) bitaxe_firmware::live_stratum_runtime: phase25_watchdog_checkpoint=socket decision=continue redacted=true
I (18770) bitaxe_firmware::live_stratum_runtime: phase25_watchdog_checkpoint=socket decision=continue redacted=true
I (18800) bitaxe_firmware::live_stratum_runtime: phase25_watchdog_checkpoint=socket decision=continue redacted=true
I (18810) bitaxe_firmware::live_stratum_runtime: phase25_live_stratum_status=subscribed redacted=true
I (18830) bitaxe_firmware::live_stratum_runtime: phase25_watchdog_checkpoint=socket decision=continue redacted=true
I (18830) bitaxe_firmware::live_stratum_runtime: phase25_watchdog_checkpoint=socket decision=continue redacted=true
I (18870) bitaxe_firmware::live_stratum_runtime: phase25_watchdog_checkpoint=socket decision=continue redacted=true
I (18880) bitaxe_firmware::live_stratum_runtime: phase25_live_stratum_status=authorized redacted=true
I (18880) bitaxe_firmware::live_stratum_runtime: phase25_watchdog_checkpoint=socket decision=continue redacted=true
I (18960) bitaxe_firmware::live_stratum_runtime: phase25_watchdog_checkpoint=socket decision=continue redacted=true
I (18970) bitaxe_firmware::live_stratum_runtime: phase25_watchdog_checkpoint=socket decision=continue redacted=true
I (18970) bitaxe_firmware::live_stratum_runtime: phase25_watchdog_checkpoint=socket decision=continue redacted=true
I (18980) bitaxe_firmware::live_stratum_runtime: phase25_watchdog_checkpoint=socket decision=continue redacted=true
I (19000) bitaxe_firmware::live_stratum_runtime: phase25_live_stratum_status=active redacted=true
I (19000) bitaxe_firmware::live_stratum_runtime: phase25_watchdog_checkpoint=socket decision=continue redacted=true
I (19010) bitaxe_firmware::live_stratum_runtime: phase25_watchdog_checkpoint=asic decision=continue redacted=true
I (19030) bitaxe_firmware::asic_adapter::uart: asic_uart_trace=tx len=88 hex=55 aa 21 56 00 01 00 00 00 00 42 1a 02 17 2f 22 4b 6a 4a 83 27 37 22 a5 32 17 6a 50 73 1b c4 5b 39 0e c8 22 8c 80 a6 1d 64 d6 12 65 83 51 e1 29 b8 be 00 00 00 00 00 00 00 00 6b 78 00 00 40 e5 e4 68 79 74 e7 59 ef 09 92 e7 3b 53 07 f8 27 dc ef be 00 00 00 20 98 e8
I (19050) bitaxe_firmware::asic_adapter::status: asic_production_status=work_dispatched
I (19160) bitaxe_firmware::live_stratum_runtime: phase25_watchdog_checkpoint=socket decision=continue redacted=true
I (19160) bitaxe_firmware::live_stratum_runtime: phase25_watchdog_checkpoint=asic decision=continue redacted=true
I (19160) bitaxe_firmware::asic_adapter::production: asic_production_trace=result_read_attempt poll_timeout_ms=100
W (19270) bitaxe_firmware::asic_adapter::status: asic_production_status=fail_closed reason=production_result_malformed mining=disabled work_submission=disabled
I (19270) bitaxe_firmware::live_stratum_runtime: phase25_safe_stop_status=complete socket=stopped work_queue=invalidated active_work=invalidated mining=disabled hardware_control=disabled work_submission=disabled post_stop_snapshot=updated
I (19290) bitaxe_firmware::live_stratum_runtime: phase25_live_stratum_status=stopped redacted=true
I (19300) bitaxe_firmware::http_api: axeos_settings_patch=effects_applied
