[2026-07-06T14:28:41Z INFO ] 🚀 A new version of espflash is available: v4.4.0
[2026-07-06T14:28:41Z INFO ] Serial port: '/dev/cu.usbmodem1101'
[2026-07-06T14:28:41Z INFO ] Connecting...
[2026-07-06T14:28:41Z INFO ] Using flash stub
ESP-ROM:esp32s3-20210327
Build:Mar 27 2021
rst:0x15 (USB_UART_CHIP_RESET),boot:0x28 (SPI_FAST_FLASH_BOOT)
Saved PC:0x40378ca8
SPIWP:0xee
mode:DIO, clock div:1
load:0x3fce2810,len:0x15a0
load:0x403c8700,len:0x4
load:0x403c8704,len:0xd24
load:0x403cb700,len:0x2f04
entry 0x403c8928
I (26) boot: ESP-IDF v5.4.1-426-g3ad36321ea 2nd stage bootloader
I (27) boot: compile time Apr 24 2025 15:55:11
I (27) boot: Multicore bootloader
I (28) boot: chip revision: v0.2
I (31) boot: efuse block revision: v1.3
I (35) boot.esp32s3: Boot SPI Speed : 80MHz
I (39) boot.esp32s3: SPI Mode       : DIO
I (42) boot.esp32s3: SPI Flash Size : 16MB
I (46) boot: Enabling RNG early entropy source...
I (51) boot: Partition Table:
I (53) boot: ## Label            Usage          Type ST Offset   Length
I (60) boot:  0 nvs              WiFi data        01 02 00009000 00006000
I (66) boot:  1 phy_init         RF data          01 01 0000f000 00001000
I (73) boot:  2 factory          factory app      00 00 00010000 00400000
I (79) boot:  3 www              Unknown data     01 82 00410000 00300000
I (86) boot:  4 ota_0            OTA app          00 10 00710000 00400000
I (92) boot:  5 ota_1            OTA app          00 11 00b10000 00400000
I (99) boot:  6 otadata          OTA data         01 00 00f10000 00002000
I (105) boot:  7 coredump         Unknown data     01 03 00f12000 00010000
I (112) boot: End of partition table
I (115) boot: Defaulting to factory image
I (119) esp_image: segment 0: paddr=00010020 vaddr=3c140020 size=44cc4h (281796) map
I (176) esp_image: segment 1: paddr=00054cec vaddr=3fc9c300 size=05b64h ( 23396) load
I (181) esp_image: segment 2: paddr=0005a858 vaddr=40374000 size=057c0h ( 22464) load
I (187) esp_image: segment 3: paddr=00060020 vaddr=42000020 size=13d290h (1299088) map
I (417) esp_image: segment 4: paddr=0019d2b8 vaddr=403797c0 size=12ac4h ( 76484) load
I (433) esp_image: segment 5: paddr=001afd84 vaddr=50000000 size=00020h (    32) load
I (443) boot: Loaded app from partition at offset 0x10000
I (444) boot: Disabling RNG early entropy source...
I (454) octal_psram: vendor id    : 0x0d (AP)
I (454) octal_psram: dev id       : 0x02 (generation 3)
I (454) octal_psram: density      : 0x03 (64 Mbit)
I (456) octal_psram: good-die     : 0x01 (Pass)
I (460) octal_psram: Latency      : 0x01 (Fixed)
I (465) octal_psram: VCC          : 0x01 (3V)
I (469) octal_psram: SRF          : 0x01 (Fast Refresh)
I (474) octal_psram: BurstType    : 0x01 (Hybrid Wrap)
I (478) octal_psram: BurstLen     : 0x01 (32 Byte)
I (483) octal_psram: Readlatency  : 0x02 (10 cycles@Fixed)
I (488) octal_psram: DriveStrength: 0x00 (1/1)
I (492) MSPI Timing: Enter psram timing tuning
I (497) esp_psram: Found 8MB PSRAM device
I (500) esp_psram: Speed: 80MHz
I (503) cpu_start: Multicore app
I (929) esp_psram: SPI SRAM memory test OK
I (937) cpu_start: GPIO 44 and 43 are used as console UART I/O pins
I (938) cpu_start: Pro cpu start user code
I (938) cpu_start: cpu freq: 160000000 Hz
I (940) app_init: Application information:
I (944) app_init: Project name:     libespidf
I (948) app_init: App version:      dc9266e-dirty
I (952) app_init: Compile time:     Jun 28 2026 15:45:05
I (957) app_init: ELF file SHA256:  000000000...
I (961) app_init: ESP-IDF:          v5.5.4
I (965) efuse_init: Min chip rev:     v0.0
I (969) efuse_init: Max chip rev:     v0.99 
I (973) efuse_init: Chip rev:         v0.2
I (977) heap_init: Initializing. RAM available for dynamic allocation:
I (983) heap_init: At 3FCA32A8 len 00046468 (281 KiB): RAM
I (988) heap_init: At 3FCE9710 len 00005724 (21 KiB): RAM
I (994) heap_init: At 3FCF0000 len 00008000 (32 KiB): DRAM
I (999) heap_init: At 600FE000 len 00001FE8 (7 KiB): RTCRAM
I (1004) esp_psram: Adding pool of 8178K of PSRAM memory to heap allocator
I (1011) spi_flash: detected chip: gd
I (1014) spi_flash: flash io: dio
W (1017) i2c: This driver is an old driver, please migrate your application code to adapt `driver/i2c_master.h`
I (1027) sleep_gpio: Configure to isolate all GPIO pins in sleep state
I (1033) sleep_gpio: Enable automatic switching of GPIO sleep configuration
I (1040) main_task: Started on CPU0
I (1050) esp_psram: Reserving pool of 32K of internal memory for DMA/internal allocations
I (1050) main_task: Calling app_main()
I (1050) bitaxe_firmware: bitaxe-rust boot: board=Ultra 205 asic=BM1366
I (1080) bitaxe_firmware: safe_state: mining=disabled asic_work_submission=disabled hardware_control=disabled
I (1090) esp_idf_svc::nvs: EspNvs dropped
I (1090) esp_idf_svc::nvs: NvsDefault dropped
W (1090) bitaxe_firmware::display_adapter: display_input_status=runtime_gap reason=hardware_evidence_pending startup_only=true
W (1100) bitaxe_firmware: display_status=deferred reason=phase27_safety_i2c0_in_use
I (1110) bitaxe_firmware::safety_adapter::phase27_bring_up: phase27_safety_bring_up=started
I (1120) bitaxe_firmware::asic_adapter::reset: asic_status=hold_reset_low gpio=1
I (1120) bitaxe_firmware::safety_adapter::asic_enable: asic_enable_status=active gpio=10
I (1130) bitaxe_firmware::safety_adapter::ds4432u: safety_voltage_effect=write setpoint_v=1.200 register=0xc6
I (1140) bitaxe_firmware::safety_adapter::emc2101: safety_fan_effect=write percent=70 register=0x2c
I (1660) bitaxe_firmware::safety_adapter::phase27_bring_up: safety_power_status=observed
W (1660) bitaxe_firmware::safety_adapter::phase27_bring_up: safety_thermal_status=fault category=thermal_reading_invalid
I (1660) bitaxe_firmware::safety_adapter::phase27_bring_up: safety_fan_status=startup_duty percent=70 rpm=7387
I (1890) bitaxe_firmware::safety_adapter::phase27_bring_up: asic_reset_status=post_bring_up_pulse
I (1890) bitaxe_firmware::safety_adapter::phase27_bring_up: phase27_safety_bring_up=complete
I (1890) uart: queue free spaces: 10
I (1900) bitaxe_firmware::asic_adapter::status: asic_status=chip_detect_only initialized=false mining=disabled work_submission=disabled
I (1910) bitaxe_firmware::asic_adapter::uart: asic_uart_trace=wait_tx_done outcome=Ok(()) elapsed_ms=0
I (1920) bitaxe_firmware::asic_adapter::uart: asic_uart_trace=tx len=11 hex=55 aa 51 09 00 a4 90 00 ff ff 1c
I (1930) bitaxe_firmware::asic_adapter::uart: asic_uart_trace=tx len=11 hex=55 aa 51 09 00 a4 90 00 ff ff 1c
I (1930) bitaxe_firmware::asic_adapter::uart: asic_uart_trace=tx len=11 hex=55 aa 51 09 00 a4 90 00 ff ff 1c
I (1940) bitaxe_firmware::asic_adapter::uart: asic_uart_trace=tx len=7 hex=55 aa 52 05 00 00 0a
I (1950) bitaxe_firmware::asic_adapter::uart: asic_uart_trace=wait_tx_done outcome=Ok(()) elapsed_ms=0
I (1960) bitaxe_firmware::asic_adapter::uart: asic_uart_trace=rx read_index=1 chunk_bytes=11 total_bytes=11 remaining_ms=999
I (1970) bitaxe_firmware::asic_adapter::uart: asic_uart_trace=rx_chunk hex=aa 55 13 66 00 00 00 00 00 00 05
I (1980) bitaxe_firmware::asic_adapter::uart: asic_uart_trace=rx_complete read_count=1 hex=aa 55 13 66 00 00 00 00 00 00 05
I (1990) bitaxe_firmware::asic_adapter::status: asic_status=chip_detected chips=1 initialized=false mining=disabled work_submission=disabled
I (2010) bitaxe_firmware::asic_adapter: asic_work_result_trace=mining_ready_init_started chip_count=1 actions=161
I (2020) bitaxe_firmware::asic_adapter: asic_work_result_trace=init_action kind=write_frame len=11
I (2020) bitaxe_firmware::asic_adapter::uart: asic_uart_trace=tx len=11 hex=55 aa 51 09 00 a8 00 07 00 00 03
I (2030) bitaxe_firmware::asic_adapter: asic_work_result_trace=init_action kind=write_frame len=11
I (2040) bitaxe_firmware::asic_adapter::uart: asic_uart_trace=tx len=11 hex=55 aa 51 09 00 18 ff 0f c1 00 00
I (2050) bitaxe_firmware::asic_adapter: asic_work_result_trace=init_action kind=write_frame len=7
I (2060) bitaxe_firmware::asic_adapter::uart: asic_uart_trace=tx len=7 hex=55 aa 53 05 00 00 03
I (2070) bitaxe_firmware::asic_adapter: asic_work_result_trace=init_action kind=write_frame len=7
I (2080) bitaxe_firmware::asic_adapter::uart: asic_uart_trace=tx len=7 hex=55 aa 40 05 00 00 1c
I (2090) bitaxe_firmware::asic_adapter: asic_work_result_trace=init_action kind=write_frame len=11
I (2090) bitaxe_firmware::asic_adapter::uart: asic_uart_trace=tx len=11 hex=55 aa 51 09 00 3c 80 00 85 40 0c
I (2100) bitaxe_firmware::asic_adapter: asic_work_result_trace=init_action kind=write_frame len=11
I (2110) bitaxe_firmware::asic_adapter::uart: asic_uart_trace=tx len=11 hex=55 aa 51 09 00 3c 80 00 80 20 19
I (2120) bitaxe_firmware::asic_adapter: asic_work_result_trace=init_action kind=write_frame len=11
I (2130) bitaxe_firmware::asic_adapter::uart: asic_uart_trace=tx len=11 hex=55 aa 51 09 00 14 00 00 80 ff 04
I (2140) bitaxe_firmware::asic_adapter: asic_work_result_trace=init_action kind=write_frame len=11
I (2150) bitaxe_firmware::asic_adapter::uart: asic_uart_trace=tx len=11 hex=55 aa 51 09 00 54 00 00 00 03 1d
I (2160) bitaxe_firmware::asic_adapter: asic_work_result_trace=init_action kind=write_frame len=11
I (2170) bitaxe_firmware::asic_adapter::uart: asic_uart_trace=tx len=11 hex=55 aa 51 09 00 58 02 11 11 11 06
I (2180) bitaxe_firmware::asic_adapter: asic_work_result_trace=init_action kind=write_frame len=11
I (2190) bitaxe_firmware::asic_adapter::uart: asic_uart_trace=tx len=11 hex=55 aa 41 09 00 2c 00 7c 00 03 03
I (2190) bitaxe_firmware::asic_adapter: asic_work_result_trace=init_action kind=write_frame len=11
I (2200) bitaxe_firmware::asic_adapter::uart: asic_uart_trace=tx len=11 hex=55 aa 41 09 00 a8 00 07 01 f0 15
I (2210) bitaxe_firmware::asic_adapter: asic_work_result_trace=init_action kind=write_frame len=11
I (2220) bitaxe_firmware::asic_adapter::uart: asic_uart_trace=tx len=11 hex=55 aa 41 09 00 18 f0 00 c1 00 0c
I (2230) bitaxe_firmware::asic_adapter: asic_work_result_trace=init_action kind=write_frame len=11
I (2240) bitaxe_firmware::asic_adapter::uart: asic_uart_trace=tx len=11 hex=55 aa 41 09 00 3c 80 00 85 40 04
I (2250) bitaxe_firmware::asic_adapter: asic_work_result_trace=init_action kind=write_frame len=11
I (2260) bitaxe_firmware::asic_adapter::uart: asic_uart_trace=tx len=11 hex=55 aa 41 09 00 3c 80 00 80 20 11
I (2270) bitaxe_firmware::asic_adapter: asic_work_result_trace=init_action kind=write_frame len=11
I (2280) bitaxe_firmware::asic_adapter::uart: asic_uart_trace=tx len=11 hex=55 aa 41 09 00 3c 80 00 82 aa 05
I (2290) bitaxe_firmware::asic_adapter: asic_work_result_trace=init_action kind=write_frame len=11
I (2290) bitaxe_firmware::asic_adapter::uart: asic_uart_trace=tx len=11 hex=55 aa 51 09 00 08 50 c2 02 40 1c
I (2410) bitaxe_firmware::asic_adapter: asic_work_result_trace=init_action kind=write_frame len=11
I (2410) bitaxe_firmware::asic_adapter::uart: asic_uart_trace=tx len=11 hex=55 aa 51 09 00 08 50 c2 02 40 1c
I (2520) bitaxe_firmware::asic_adapter: asic_work_result_trace=init_action kind=write_frame len=11
I (2520) bitaxe_firmware::asic_adapter::uart: asic_uart_trace=tx len=11 hex=55 aa 51 09 00 08 50 c2 02 40 1c
I (2630) bitaxe_firmware::asic_adapter: asic_work_result_trace=init_action kind=write_frame len=11
I (2630) bitaxe_firmware::asic_adapter::uart: asic_uart_trace=tx len=11 hex=55 aa 51 09 00 08 50 c2 02 40 1c
I (2740) bitaxe_firmware::asic_adapter: asic_work_result_trace=init_action kind=write_frame len=11
I (2740) bitaxe_firmware::asic_adapter::uart: asic_uart_trace=tx len=11 hex=55 aa 51 09 00 08 50 c2 02 40 1c
I (2850) bitaxe_firmware::asic_adapter: asic_work_result_trace=init_action kind=write_frame len=11
I (2850) bitaxe_firmware::asic_adapter::uart: asic_uart_trace=tx len=11 hex=55 aa 51 09 00 08 50 c2 02 40 1c
I (2960) bitaxe_firmware::asic_adapter: asic_work_result_trace=init_action kind=write_frame len=11
I (2960) bitaxe_firmware::asic_adapter::uart: asic_uart_trace=tx len=11 hex=55 aa 51 09 00 08 50 c2 02 40 1c
I (3070) bitaxe_firmware::asic_adapter: asic_work_result_trace=init_action kind=write_frame len=11
I (3070) bitaxe_firmware::asic_adapter::uart: asic_uart_trace=tx len=11 hex=55 aa 51 09 00 08 50 c2 02 40 1c
I (3180) bitaxe_firmware::asic_adapter: asic_work_result_trace=init_action kind=write_frame len=11
I (3180) bitaxe_firmware::asic_adapter::uart: asic_uart_trace=tx len=11 hex=55 aa 51 09 00 08 50 c2 02 40 1c
I (3290) bitaxe_firmware::asic_adapter: asic_work_result_trace=init_action kind=write_frame len=11
I (3290) bitaxe_firmware::asic_adapter::uart: asic_uart_trace=tx len=11 hex=55 aa 51 09 00 08 50 c2 02 40 1c
I (3400) bitaxe_firmware::asic_adapter: asic_work_result_trace=init_action kind=write_frame len=11
I (3400) bitaxe_firmware::asic_adapter::uart: asic_uart_trace=tx len=11 hex=55 aa 51 09 00 08 50 c2 02 40 1c
I (3510) bitaxe_firmware::asic_adapter: asic_work_result_trace=init_action kind=write_frame len=11
I (3510) bitaxe_firmware::asic_adapter::uart: asic_uart_trace=tx len=11 hex=55 aa 51 09 00 08 50 c2 02 40 1c
I (3620) bitaxe_firmware::asic_adapter: asic_work_result_trace=init_action kind=write_frame len=11
I (3620) bitaxe_firmware::asic_adapter::uart: asic_uart_trace=tx len=11 hex=55 aa 51 09 00 08 50 c2 02 40 1c
I (3730) bitaxe_firmware::asic_adapter: asic_work_result_trace=init_action kind=write_frame len=11
I (3730) bitaxe_firmware::asic_adapter::uart: asic_uart_trace=tx len=11 hex=55 aa 51 09 00 08 50 c2 02 40 1c
I (3840) bitaxe_firmware::asic_adapter: asic_work_result_trace=init_action kind=write_frame len=11
I (3840) bitaxe_firmware::asic_adapter::uart: asic_uart_trace=tx len=11 hex=55 aa 51 09 00 08 50 c2 02 40 1c
I (3950) bitaxe_firmware::asic_adapter: asic_work_result_trace=init_action kind=write_frame len=11
I (3950) bitaxe_firmware::asic_adapter::uart: asic_uart_trace=tx len=11 hex=55 aa 51 09 00 08 50 c2 02 40 1c
I (4060) bitaxe_firmware::asic_adapter: asic_work_result_trace=init_action kind=write_frame len=11
I (4060) bitaxe_firmware::asic_adapter::uart: asic_uart_trace=tx len=11 hex=55 aa 51 09 00 08 50 c2 02 40 1c
I (4170) bitaxe_firmware::asic_adapter: asic_work_result_trace=init_action kind=write_frame len=11
I (4170) bitaxe_firmware::asic_adapter::uart: asic_uart_trace=tx len=11 hex=55 aa 51 09 00 08 50 c2 02 40 1c
I (4280) bitaxe_firmware::asic_adapter: asic_work_result_trace=init_action kind=write_frame len=11
I (4280) bitaxe_firmware::asic_adapter::uart: asic_uart_trace=tx len=11 hex=55 aa 51 09 00 08 50 c2 02 40 1c
I (4390) bitaxe_firmware::asic_adapter: asic_work_result_trace=init_action kind=write_frame len=11
I (4390) bitaxe_firmware::asic_adapter::uart: asic_uart_trace=tx len=11 hex=55 aa 51 09 00 08 50 c2 02 40 1c
I (4500) bitaxe_firmware::asic_adapter: asic_work_result_trace=init_action kind=write_frame len=11
I (4500) bitaxe_firmware::asic_adapter::uart: asic_uart_trace=tx len=11 hex=55 aa 51 09 00 08 50 c2 02 40 1c
I (4610) bitaxe_firmware::asic_adapter: asic_work_result_trace=init_action kind=write_frame len=11
I (4610) bitaxe_firmware::asic_adapter::uart: asic_uart_trace=tx len=11 hex=55 aa 51 09 00 08 50 c2 02 40 1c
I (4720) bitaxe_firmware::asic_adapter: asic_work_result_trace=init_action kind=write_frame len=11
I (4720) bitaxe_firmware::asic_adapter::uart: asic_uart_trace=tx len=11 hex=55 aa 51 09 00 08 50 c2 02 40 1c
I (4830) bitaxe_firmware::asic_adapter: asic_work_result_trace=init_action kind=write_frame len=11
I (4830) bitaxe_firmware::asic_adapter::uart: asic_uart_trace=tx len=11 hex=55 aa 51 09 00 08 50 c2 02 40 1c
I (4940) bitaxe_firmware::asic_adapter: asic_work_result_trace=init_action kind=write_frame len=11
I (4940) bitaxe_firmware::asic_adapter::uart: asic_uart_trace=tx len=11 hex=55 aa 51 09 00 08 50 c2 02 40 1c
I (5050) bitaxe_firmware::asic_adapter: asic_work_result_trace=init_action kind=write_frame len=11
I (5050) bitaxe_firmware::asic_adapter::uart: asic_uart_trace=tx len=11 hex=55 aa 51 09 00 08 50 c2 02 40 1c
I (5160) bitaxe_firmware::asic_adapter: asic_work_result_trace=init_action kind=write_frame len=11
I (5160) bitaxe_firmware::asic_adapter::uart: asic_uart_trace=tx len=11 hex=55 aa 51 09 00 08 50 c2 02 40 1c
I (5270) bitaxe_firmware::asic_adapter: asic_work_result_trace=init_action kind=write_frame len=11
I (5270) bitaxe_firmware::asic_adapter::uart: asic_uart_trace=tx len=11 hex=55 aa 51 09 00 08 50 c2 02 40 1c
I (5380) bitaxe_firmware::asic_adapter: asic_work_result_trace=init_action kind=write_frame len=11
I (5380) bitaxe_firmware::asic_adapter::uart: asic_uart_trace=tx len=11 hex=55 aa 51 09 00 08 50 c2 02 40 1c
I (5490) bitaxe_firmware::asic_adapter: asic_work_result_trace=init_action kind=write_frame len=11
I (5490) bitaxe_firmware::asic_adapter::uart: asic_uart_trace=tx len=11 hex=55 aa 51 09 00 08 50 c2 02 40 1c
I (5600) bitaxe_firmware::asic_adapter: asic_work_result_trace=init_action kind=write_frame len=11
I (5600) bitaxe_firmware::asic_adapter::uart: asic_uart_trace=tx len=11 hex=55 aa 51 09 00 08 50 c2 02 40 1c
I (5710) bitaxe_firmware::asic_adapter: asic_work_result_trace=init_action kind=write_frame len=11
I (5710) bitaxe_firmware::asic_adapter::uart: asic_uart_trace=tx len=11 hex=55 aa 51 09 00 08 50 c2 02 40 1c
I (5820) bitaxe_firmware::asic_adapter: asic_work_result_trace=init_action kind=write_frame len=11
I (5820) bitaxe_firmware::asic_adapter::uart: asic_uart_trace=tx len=11 hex=55 aa 51 09 00 08 50 c2 02 40 1c
I (5930) bitaxe_firmware::asic_adapter: asic_work_result_trace=init_action kind=write_frame len=11
I (5930) bitaxe_firmware::asic_adapter::uart: asic_uart_trace=tx len=11 hex=55 aa 51 09 00 08 50 c2 02 40 1c
I (6040) bitaxe_firmware::asic_adapter: asic_work_result_trace=init_action kind=write_frame len=11
I (6040) bitaxe_firmware::asic_adapter::uart: asic_uart_trace=tx len=11 hex=55 aa 51 09 00 08 50 c2 02 40 1c
I (6150) bitaxe_firmware::asic_adapter: asic_work_result_trace=init_action kind=write_frame len=11
I (6150) bitaxe_firmware::asic_adapter::uart: asic_uart_trace=tx len=11 hex=55 aa 51 09 00 08 50 c2 02 40 1c
I (6260) bitaxe_firmware::asic_adapter: asic_work_result_trace=init_action kind=write_frame len=11
I (6260) bitaxe_firmware::asic_adapter::uart: asic_uart_trace=tx len=11 hex=55 aa 51 09 00 08 50 c2 02 40 1c
I (6370) bitaxe_firmware::asic_adapter: asic_work_result_trace=init_action kind=write_frame len=11
I (6370) bitaxe_firmware::asic_adapter::uart: asic_uart_trace=tx len=11 hex=55 aa 51 09 00 08 50 c2 02 40 1c
I (6480) bitaxe_firmware::asic_adapter: asic_work_result_trace=init_action kind=write_frame len=11
I (6480) bitaxe_firmware::asic_adapter::uart: asic_uart_trace=tx len=11 hex=55 aa 51 09 00 08 50 c2 02 40 1c
I (6590) bitaxe_firmware::asic_adapter: asic_work_result_trace=init_action kind=write_frame len=11
I (6590) bitaxe_firmware::asic_adapter::uart: asic_uart_trace=tx len=11 hex=55 aa 51 09 00 08 50 c2 02 40 1c
I (6700) bitaxe_firmware::asic_adapter: asic_work_result_trace=init_action kind=write_frame len=11
I (6700) bitaxe_firmware::asic_adapter::uart: asic_uart_trace=tx len=11 hex=55 aa 51 09 00 08 50 c2 02 40 1c
I (6810) bitaxe_firmware::asic_adapter: asic_work_result_trace=init_action kind=write_frame len=11
I (6810) bitaxe_firmware::asic_adapter::uart: asic_uart_trace=tx len=11 hex=55 aa 51 09 00 08 50 c2 02 40 1c
I (6920) bitaxe_firmware::asic_adapter: asic_work_result_trace=init_action kind=write_frame len=11
I (6920) bitaxe_firmware::asic_adapter::uart: asic_uart_trace=tx len=11 hex=55 aa 51 09 00 08 50 c2 02 40 1c
I (7030) bitaxe_firmware::asic_adapter: asic_work_result_trace=init_action kind=write_frame len=11
I (7030) bitaxe_firmware::asic_adapter::uart: asic_uart_trace=tx len=11 hex=55 aa 51 09 00 08 50 c2 02 40 1c
I (7140) bitaxe_firmware::asic_adapter: asic_work_result_trace=init_action kind=write_frame len=11
I (7140) bitaxe_firmware::asic_adapter::uart: asic_uart_trace=tx len=11 hex=55 aa 51 09 00 08 50 c2 02 40 1c
I (7250) bitaxe_firmware::asic_adapter: asic_work_result_trace=init_action kind=write_frame len=11
I (7250) bitaxe_firmware::asic_adapter::uart: asic_uart_trace=tx len=11 hex=55 aa 51 09 00 08 50 c2 02 40 1c
I (7360) bitaxe_firmware::asic_adapter: asic_work_result_trace=init_action kind=write_frame len=11
I (7360) bitaxe_firmware::asic_adapter::uart: asic_uart_trace=tx len=11 hex=55 aa 51 09 00 08 50 c2 02 40 1c
I (7470) bitaxe_firmware::asic_adapter: asic_work_result_trace=init_action kind=write_frame len=11
I (7470) bitaxe_firmware::asic_adapter::uart: asic_uart_trace=tx len=11 hex=55 aa 51 09 00 08 50 c2 02 40 1c
I (7580) bitaxe_firmware::asic_adapter: asic_work_result_trace=init_action kind=write_frame len=11
I (7580) bitaxe_firmware::asic_adapter::uart: asic_uart_trace=tx len=11 hex=55 aa 51 09 00 08 50 c2 02 40 1c
I (7690) bitaxe_firmware::asic_adapter: asic_work_result_trace=init_action kind=write_frame len=11
I (7690) bitaxe_firmware::asic_adapter::uart: asic_uart_trace=tx len=11 hex=55 aa 51 09 00 08 50 c2 02 40 1c
I (7800) bitaxe_firmware::asic_adapter: asic_work_result_trace=init_action kind=write_frame len=11
I (7800) bitaxe_firmware::asic_adapter::uart: asic_uart_trace=tx len=11 hex=55 aa 51 09 00 08 50 c2 02 40 1c
I (7910) bitaxe_firmware::asic_adapter: asic_work_result_trace=init_action kind=write_frame len=11
I (7910) bitaxe_firmware::asic_adapter::uart: asic_uart_trace=tx len=11 hex=55 aa 51 09 00 08 50 c2 02 40 1c
I (8020) bitaxe_firmware::asic_adapter: asic_work_result_trace=init_action kind=write_frame len=11
I (8020) bitaxe_firmware::asic_adapter::uart: asic_uart_trace=tx len=11 hex=55 aa 51 09 00 08 50 c2 02 40 1c
I (8130) bitaxe_firmware::asic_adapter: asic_work_result_trace=init_action kind=write_frame len=11
I (8130) bitaxe_firmware::asic_adapter::uart: asic_uart_trace=tx len=11 hex=55 aa 51 09 00 08 50 c2 02 40 1c
I (8240) bitaxe_firmware::asic_adapter: asic_work_result_trace=init_action kind=write_frame len=11
I (8240) bitaxe_firmware::asic_adapter::uart: asic_uart_trace=tx len=11 hex=55 aa 51 09 00 08 50 c2 02 40 1c
I (8350) bitaxe_firmware::asic_adapter: asic_work_result_trace=init_action kind=write_frame len=11
I (8350) bitaxe_firmware::asic_adapter::uart: asic_uart_trace=tx len=11 hex=55 aa 51 09 00 08 40 a0 02 40 11
I (8460) bitaxe_firmware::asic_adapter: asic_work_result_trace=init_action kind=write_frame len=11
I (8460) bitaxe_firmware::asic_adapter::uart: asic_uart_trace=tx len=11 hex=55 aa 51 09 00 08 50 c2 02 40 1c
I (8570) bitaxe_firmware::asic_adapter: asic_work_result_trace=init_action kind=write_frame len=11
I (8570) bitaxe_firmware::asic_adapter::uart: asic_uart_trace=tx len=11 hex=55 aa 51 09 00 08 50 c2 02 40 1c
I (8680) bitaxe_firmware::asic_adapter: asic_work_result_trace=init_action kind=write_frame len=11
I (8680) bitaxe_firmware::asic_adapter::uart: asic_uart_trace=tx len=11 hex=55 aa 51 09 00 08 50 c2 02 40 1c
I (8790) bitaxe_firmware::asic_adapter: asic_work_result_trace=init_action kind=write_frame len=11
I (8790) bitaxe_firmware::asic_adapter::uart: asic_uart_trace=tx len=11 hex=55 aa 51 09 00 08 40 aa 02 40 1a
I (8900) bitaxe_firmware::asic_adapter: asic_work_result_trace=init_action kind=write_frame len=11
I (8900) bitaxe_firmware::asic_adapter::uart: asic_uart_trace=tx len=11 hex=55 aa 51 09 00 08 50 c2 02 40 1c
I (9010) bitaxe_firmware::asic_adapter: asic_work_result_trace=init_action kind=write_frame len=11
I (9010) bitaxe_firmware::asic_adapter::uart: asic_uart_trace=tx len=11 hex=55 aa 51 09 00 08 50 c2 02 40 1c
I (9120) bitaxe_firmware::asic_adapter: asic_work_result_trace=init_action kind=write_frame len=11
I (9120) bitaxe_firmware::asic_adapter::uart: asic_uart_trace=tx len=11 hex=55 aa 51 09 00 08 50 c2 02 40 1c
I (9230) bitaxe_firmware::asic_adapter: asic_work_result_trace=init_action kind=write_frame len=11
I (9230) bitaxe_firmware::asic_adapter::uart: asic_uart_trace=tx len=11 hex=55 aa 51 09 00 08 40 90 02 30 13
I (9340) bitaxe_firmware::asic_adapter: asic_work_result_trace=init_action kind=write_frame len=11
I (9340) bitaxe_firmware::asic_adapter::uart: asic_uart_trace=tx len=11 hex=55 aa 51 09 00 08 50 c2 02 40 1c
I (9450) bitaxe_firmware::asic_adapter: asic_work_result_trace=init_action kind=write_frame len=11
I (9450) bitaxe_firmware::asic_adapter::uart: asic_uart_trace=tx len=11 hex=55 aa 51 09 00 08 50 c2 02 40 1c
I (9560) bitaxe_firmware::asic_adapter: asic_work_result_trace=init_action kind=write_frame len=11
I (9560) bitaxe_firmware::asic_adapter::uart: asic_uart_trace=tx len=11 hex=55 aa 51 09 00 08 50 c2 02 40 1c
I (9670) bitaxe_firmware::asic_adapter: asic_work_result_trace=init_action kind=write_frame len=11
I (9670) bitaxe_firmware::asic_adapter::uart: asic_uart_trace=tx len=11 hex=55 aa 51 09 00 08 40 98 02 30 0d
I (9780) bitaxe_firmware::asic_adapter: asic_work_result_trace=init_action kind=write_frame len=11
I (9780) bitaxe_firmware::asic_adapter::uart: asic_uart_trace=tx len=11 hex=55 aa 51 09 00 08 50 c2 02 40 1c
I (9890) bitaxe_firmware::asic_adapter: asic_work_result_trace=init_action kind=write_frame len=11
I (9890) bitaxe_firmware::asic_adapter::uart: asic_uart_trace=tx len=11 hex=55 aa 51 09 00 08 50 c2 02 40 1c
I (9890) bitaxe_firmware::asic_adapter: asic_work_result_trace=init_action kind=write_frame len=11
I (9900) bitaxe_firmware::asic_adapter::uart: asic_uart_trace=tx len=11 hex=55 aa 51 09 00 10 00 0d 32 24 10
I (9910) bitaxe_firmware::asic_adapter: asic_work_result_trace=init_action kind=write_frame len=11
I (9920) bitaxe_firmware::asic_adapter::uart: asic_uart_trace=tx len=11 hex=55 aa 51 09 00 a4 90 00 ff ff 1c
I (9930) bitaxe_firmware::asic_adapter: asic_work_result_trace=init_action kind=write_frame len=11
I (9940) bitaxe_firmware::asic_adapter::uart: asic_uart_trace=tx len=11 hex=55 aa 51 09 00 28 11 30 02 00 03
I (9950) bitaxe_firmware::asic_adapter: asic_work_result_trace=init_action kind=wait_tx_done timeout_ms=1000
I (9960) bitaxe_firmware::asic_adapter::uart: asic_uart_trace=wait_tx_done outcome=Ok(()) elapsed_ms=0
I (9970) bitaxe_firmware::asic_adapter: asic_work_result_trace=init_action kind=use_max_baud baud=1000000
I (9980) bitaxe_firmware::asic_adapter::uart: asic_uart_trace=wait_tx_done outcome=Ok(()) elapsed_ms=0
I (9980) bitaxe_firmware::asic_adapter: asic_work_result_trace=init_action kind=clear_rx
I (9990) bitaxe_firmware::asic_adapter::uart: asic_uart_trace=clear_rx
I (10000) bitaxe_firmware::asic_adapter: asic_work_result_trace=init_action kind=publish_status status=InitializedNoMining
I (10010) bitaxe_firmware::asic_adapter::status: asic_status=initialized_no_mining initialized=true mining=disabled work_submission=disabled
I (10020) bitaxe_firmware::asic_adapter: asic_work_result_trace=mining_ready_init_complete
I (10030) bitaxe_firmware::asic_adapter: asic_work_result_trace=skip_boot_diagnostic_work bootstrap=initialized_no_mining
I (10040) bitaxe_firmware::asic_adapter::status: bm1366_diagnostic_result=bounded_no_result bootstrap=initialized_no_mining mining=disabled work_submission=disabled
I (10050) bitaxe_firmware::asic_adapter::status: asic_production_status=initialized
I (10060) bitaxe_firmware::boot_validation: ota_boot_validation=not_pending state=factory
I (10070) bitaxe_firmware::safety_adapter::watchdog: safety_supervisor=started thread=bitaxe-safety-supervisor cadence_ms=100
I (10080) bitaxe_firmware::safety_adapter::watchdog: safety_supervisor_step=yield reason=yield_interval_reached
I (10100) pp: pp rom version: e7ae62f
I (10100) net80211: net80211 rom version: e7ae62f
I (10110) wifi:wifi driver task: 3fcb2c48, prio:23, stack:6656, core=0
I (10110) wifi:wifi firmware version: 0947e8b
I (10110) wifi:wifi certification version: v7.0
I (10110) wifi:config NVS flash: disabled
I (10120) wifi:config nano formatting: disabled
I (10120) wifi:Init data frame dynamic rx buffer num: 32
I (10130) wifi:Init static rx mgmt buffer num: 5
I (10130) wifi:Init management short buffer num: 32
I (10140) wifi:Init static tx buffer num: 16
I (10140) wifi:Init tx cache buffer num: 32
I (10140) wifi:Init static tx FG buffer num: 2
I (10150) wifi:Init static rx buffer size: 1600
I (10150) wifi:Init static rx buffer num: 16
I (10150) wifi:Init dynamic rx buffer num: 32
I (10160) wifi_init: rx ba win: 16
I (10160) wifi_init: accept mbox: 6
I (10170) wifi_init: tcpip mbox: 32
I (10170) wifi_init: udp mbox: 6
I (10170) wifi_init: tcp mbox: 6
I (10170) wifi_init: tcp tx win: 5760
I (10180) wifi_init: tcp rx win: 5760
I (10180) wifi_init: tcp mss: 1440
I (10180) wifi_init: WiFi/LWIP prefer SPIRAM
I (10190) wifi_init: WiFi IRAM OP enabled
I (10190) wifi_init: WiFi RX IRAM OP enabled
I (10200) bitaxe_firmware::wifi_adapter: wifi_hostname_status=applied
I (10200) phy_init: phy_version 711,97bcf0a2,Aug 25 2025,19:04:10
W (10210) phy_init: failed to load RF calibration data (0x1102), falling back to full calibration
I (10250) phy_init: Saving new calibration data due to checksum failure or outdated calibration data, mode(2)
I (10260) wifi:mode : sta ([redacted-mac])
I (10260) wifi:enable tsf
I (12750) wifi:new:<11,0>, old:<1,0>, ap:<255,255>, sta:<11,0>, prof:1, snd_ch_cfg:0x0
I (12750) wifi:state: init -> auth (0xb0)
I (12860) wifi:state: auth -> assoc (0x0)
I (12870) wifi:state: assoc -> run (0x10)
I (12900) wifi:connected with [redacted-ssid], aid = 1, channel 11, BW20, bssid = [redacted-mac]
I (12910) wifi:security: WPA2-PSK, phy: bgn, rssi: -42, cipher(pairwise:0x3, group:0x3), pmf:0
I (12910) wifi:pm start, type: 1

I (12910) wifi:dp: 1, bi: 102400, li: 3, scale listen interval from 307200 us to 307200 us
I (12920) wifi:set rx beacon pti, rx_bcn_pti: 0, bcn_timeout: 25000, mt_pti: 0, mt_time: 10000
I (12980) wifi:dp: 2, bi: 102400, li: 4, scale listen interval from 307200 us to 409600 us
I (12980) wifi:AP's beacon interval = 102400 us, DTIM period = 2
I (13190) wifi:<ba-add>idx:0 (ifx:0, [redacted-mac]), tid:0, ssn:0, winSize:64
I (13430) wifi:<ba-add>idx:1 (ifx:0, [redacted-mac]), tid:6, ssn:2, winSize:64
I (14440) esp_netif_handlers: sta ip: [redacted-ip], mask: [redacted-ip], gw: [redacted-ip]
I (14440) bitaxe_firmware::wifi_adapter: wifi_status=connected ipv4=[redacted-ip][redacted-ip] device_url=[redacted-url]
I (14620) bitaxe_firmware::filesystem: spiffs_mount=available partition=www total_bytes=2884241 used_bytes=4518
I (14620) esp_idf_svc::http::server: Started Httpd server with config Configuration { http_port: 80, ctrl_port: 32768, https_port: 443, core: None, max_sessions: 16, session_timeout: 1200s, task_caps: 2052, stack_size: 8192, max_open_sockets: 7, max_uri_handlers: 32, max_resp_headers: 8, lru_purge_enable: true, uri_match_wildcard: true }
I (14660) esp_idf_svc::nvs: EspNvs dropped
I (14660) esp_idf_svc::nvs: NvsDefault dropped
I (14660) esp_idf_svc::http::server: Registered Httpd server handler Get for URI "/recovery"
I (14670) esp_idf_svc::http::server: Registered Httpd server handler Get for URI "/api/system/info"
I (14680) esp_idf_svc::http::server: Registered Httpd server handler Patch for URI "/api/system"
I (14680) esp_idf_svc::http::server: Registered Httpd server handler Get for URI "/api/system/logs"
I (14690) esp_idf_svc::http::server: Registered Httpd server handler Get for URI "/api/system/asic"
I (14700) esp_idf_svc::http::server: Registered Httpd server handler Get for URI "/api/system/statistics"
I (14710) esp_idf_svc::http::server: Registered Httpd server handler Get for URI "/api/system/scoreboard"
I (14720) esp_idf_svc::http::server: Registered Httpd server handler Post for URI "/api/system/pause"
I (14730) esp_idf_svc::http::server: Registered Httpd server handler Post for URI "/api/system/resume"
I (14740) esp_idf_svc::http::server: Registered Httpd server handler Post for URI "/api/system/restart"
I (14750) esp_idf_svc::http::server: Registered Httpd server handler Post for URI "/api/system/identify"
I (14760) esp_idf_svc::http::server: Registered Httpd server handler Post for URI "/api/system/blockFound/dismiss"
I (14770) esp_idf_svc::http::server: Registered Httpd server handler Post for URI "/api/system/OTA"
I (14780) esp_idf_svc::http::server: Registered Httpd server handler Post for URI "/api/system/OTAWWW"
I (14780) esp_idf_svc::http::server: Registered Httpd server handler Get for URI "/api/*"
I (14790) esp_idf_svc::http::server: Registered Httpd server handler Post for URI "/api/*"
I (14800) esp_idf_svc::http::server: Registered Httpd server handler Patch for URI "/api/*"
I (14810) esp_idf_svc::http::server: Registered Httpd server handler Get for URI "/*"
I (14820) bitaxe_firmware::http_api: axeos_api_route_shell=started manifest_routes=17 firmware_update_routes=1 otawww_gap_routes=1 recovery_routes=1 static_file_routes=1
I (14830) bitaxe_firmware::live_stratum_runtime: phase25_watchdog_checkpoint=socket decision=continue redacted=true
I (14840) bitaxe_firmware::live_stratum_runtime: phase25_watchdog_checkpoint=asic decision=continue redacted=true
I (14850) bitaxe_firmware::live_stratum_runtime: phase25_watchdog_checkpoint=api decision=continue redacted=true
I (14860) bitaxe_firmware::live_stratum_runtime: phase25_watchdog_checkpoint=websocket decision=continue redacted=true
I (14870) bitaxe_firmware::live_stratum_runtime: phase25_watchdog_checkpoint=evidence_capture decision=continue redacted=true
I (14880) bitaxe_firmware: reset_reason=11
I (14890) bitaxe_firmware: partition=factory
I (14890) bitaxe_firmware: psram_status=available
I (14890) bitaxe_firmware: firmware_commit=9136f85b8dc8
I (14900) bitaxe_firmware: reference_commit=c1915b0a63bfabebdb95a515cedfee05146c1d50
I (14910) bitaxe_firmware: esp_idf_version=v5.5.4
I (14910) bitaxe_firmware: rust_target=xtensa-esp32s3-espidf
I (14920) main_task: Returned from app_main()
I (15390) bitaxe_firmware::live_stratum_runtime: phase25_live_stratum_status=waiting_for_pool_settings redacted=true
I (16700) bitaxe_firmware::http_api: axeos_settings_patch=accepted writes=4 effects=0
I (16720) esp_idf_svc::nvs: EspNvs dropped
I (16720) bitaxe_firmware::http_api: axeos_settings_patch=persistence_committed writes=4
I (16720) bitaxe_firmware::live_stratum_runtime: phase21_pool_settings_consumed=true source=settings_patch redacted=true
I (16730) bitaxe_firmware::http_api: axeos_settings_patch=response_scheduled status=200 empty_body=true
I (16740) bitaxe_firmware::http_api: axeos_settings_patch=effects_scheduled
I (16750) esp_idf_svc::nvs: EspNvs dropped
I (16750) esp_idf_svc::nvs: NvsDefault dropped
I (16860) bitaxe_firmware::live_stratum_runtime: phase21_pool_settings_consumed=true source=settings_patch redacted=true
I (16860) bitaxe_firmware::live_stratum_runtime: phase25_live_stratum_status=connecting redacted=true
I (16950) bitaxe_firmware::live_stratum_runtime: phase25_watchdog_checkpoint=socket decision=continue redacted=true
I (16950) bitaxe_firmware::live_stratum_runtime: phase25_watchdog_checkpoint=socket decision=continue redacted=true
I (16990) bitaxe_firmware::live_stratum_runtime: phase25_watchdog_checkpoint=socket decision=continue redacted=true
I (16990) bitaxe_firmware::live_stratum_runtime: phase25_live_stratum_status=subscribed redacted=true
I (17000) bitaxe_firmware::live_stratum_runtime: phase25_watchdog_checkpoint=socket decision=continue redacted=true
I (17010) bitaxe_firmware::live_stratum_runtime: phase25_watchdog_checkpoint=socket decision=continue redacted=true
I (17050) bitaxe_firmware::live_stratum_runtime: phase25_watchdog_checkpoint=socket decision=continue redacted=true
I (17050) bitaxe_firmware::live_stratum_runtime: phase25_live_stratum_status=authorized redacted=true
I (17050) bitaxe_firmware::live_stratum_runtime: phase25_watchdog_checkpoint=socket decision=continue redacted=true
I (17160) bitaxe_firmware::live_stratum_runtime: phase25_watchdog_checkpoint=socket decision=continue redacted=true
I (17240) bitaxe_firmware::live_stratum_runtime: phase25_watchdog_checkpoint=socket decision=continue redacted=true
I (17250) bitaxe_firmware::live_stratum_runtime: phase25_watchdog_checkpoint=socket decision=continue redacted=true
I (17250) bitaxe_firmware::live_stratum_runtime: phase25_watchdog_checkpoint=socket decision=continue redacted=true
I (17270) bitaxe_firmware::live_stratum_runtime: phase25_watchdog_checkpoint=socket decision=continue redacted=true
I (17280) bitaxe_firmware::live_stratum_runtime: phase25_live_stratum_status=active redacted=true
I (17280) bitaxe_firmware::live_stratum_runtime: phase25_watchdog_checkpoint=socket decision=continue redacted=true
I (17290) bitaxe_firmware::live_stratum_runtime: phase25_watchdog_checkpoint=asic decision=continue redacted=true
I (17310) bitaxe_firmware::asic_adapter::uart: asic_uart_trace=tx len=88 hex=55 aa 21 56 00 01 00 00 00 00 42 1a 02 17 70 bb 4b 6a a8 32 20 7f b5 7b 0d 67 e7 da cc f9 cd 96 e8 56 e2 00 6e aa 62 94 55 f7 bb 5c 10 09 f0 0c e8 ed 00 00 00 00 00 00 00 00 25 df 00 00 de 97 55 fc b2 34 9e c4 4c 75 91 a4 60 30 06 65 0d fe 49 4d 00 00 00 20 dd e7
I (17330) bitaxe_firmware::asic_adapter::status: asic_production_status=work_dispatched
I (17440) bitaxe_firmware::live_stratum_runtime: phase25_watchdog_checkpoint=socket decision=continue redacted=true
I (17440) bitaxe_firmware::live_stratum_runtime: phase25_watchdog_checkpoint=asic decision=continue redacted=true
I (17450) bitaxe_firmware::asic_adapter::production: asic_production_trace=result_read_attempt poll_timeout_ms=100
I (17650) bitaxe_firmware::live_stratum_runtime: phase25_watchdog_checkpoint=socket decision=continue redacted=true
I (17650) bitaxe_firmware::live_stratum_runtime: phase25_watchdog_checkpoint=asic decision=continue redacted=true
I (17650) bitaxe_firmware::asic_adapter::production: asic_production_trace=result_read_attempt poll_timeout_ms=100
I (17870) bitaxe_firmware::live_stratum_runtime: phase25_watchdog_checkpoint=socket decision=continue redacted=true
I (17870) bitaxe_firmware::live_stratum_runtime: phase25_watchdog_checkpoint=asic decision=continue redacted=true
I (17880) bitaxe_firmware::asic_adapter::production: asic_production_trace=result_read_attempt poll_timeout_ms=100
I (18090) bitaxe_firmware::live_stratum_runtime: phase25_watchdog_checkpoint=socket decision=continue redacted=true
I (18090) bitaxe_firmware::live_stratum_runtime: phase25_watchdog_checkpoint=asic decision=continue redacted=true
I (18100) bitaxe_firmware::asic_adapter::production: asic_production_trace=result_read_attempt poll_timeout_ms=100
I (18310) bitaxe_firmware::live_stratum_runtime: phase25_watchdog_checkpoint=socket decision=continue redacted=true
I (18310) bitaxe_firmware::live_stratum_runtime: phase25_watchdog_checkpoint=asic decision=continue redacted=true
I (18310) bitaxe_firmware::asic_adapter::production: asic_production_trace=result_read_attempt poll_timeout_ms=100
I (18530) bitaxe_firmware::live_stratum_runtime: phase25_watchdog_checkpoint=socket decision=continue redacted=true
I (18530) bitaxe_firmware::live_stratum_runtime: phase25_watchdog_checkpoint=asic decision=continue redacted=true
I (18530) bitaxe_firmware::asic_adapter::production: asic_production_trace=result_read_attempt poll_timeout_ms=100
I (18740) bitaxe_firmware::live_stratum_runtime: phase25_watchdog_checkpoint=socket decision=continue redacted=true
I (18740) bitaxe_firmware::live_stratum_runtime: phase25_watchdog_checkpoint=asic decision=continue redacted=true
I (18750) bitaxe_firmware::asic_adapter::production: asic_production_trace=result_read_attempt poll_timeout_ms=100
I (18960) bitaxe_firmware::live_stratum_runtime: phase25_watchdog_checkpoint=socket decision=continue redacted=true
I (18960) bitaxe_firmware::live_stratum_runtime: phase25_watchdog_checkpoint=asic decision=continue redacted=true
I (18970) bitaxe_firmware::asic_adapter::production: asic_production_trace=result_read_attempt poll_timeout_ms=100
I (19180) bitaxe_firmware::live_stratum_runtime: phase25_watchdog_checkpoint=socket decision=continue redacted=true
I (19180) bitaxe_firmware::live_stratum_runtime: phase25_watchdog_checkpoint=asic decision=continue redacted=true
I (19190) bitaxe_firmware::asic_adapter::production: asic_production_trace=result_read_attempt poll_timeout_ms=100
I (19400) bitaxe_firmware::live_stratum_runtime: phase25_watchdog_checkpoint=socket decision=continue redacted=true
I (19400) bitaxe_firmware::live_stratum_runtime: phase25_watchdog_checkpoint=asic decision=continue redacted=true
I (19400) bitaxe_firmware::asic_adapter::production: asic_production_trace=result_read_attempt poll_timeout_ms=100
I (19540) bitaxe_firmware::live_stratum_runtime: phase25_watchdog_checkpoint=socket decision=continue redacted=true
I (19540) bitaxe_firmware::live_stratum_runtime: phase25_watchdog_checkpoint=asic decision=continue redacted=true
I (19550) bitaxe_firmware::asic_adapter::production: asic_production_trace=result_read_attempt poll_timeout_ms=100
I (19660) bitaxe_firmware::live_stratum_runtime: phase25_watchdog_checkpoint=socket decision=continue redacted=true
I (19680) bitaxe_firmware::live_stratum_runtime: phase25_watchdog_checkpoint=asic decision=continue redacted=true
I (19680) bitaxe_firmware::asic_adapter::production: asic_production_trace=result_read_attempt poll_timeout_ms=100
I (19790) bitaxe_firmware::live_stratum_runtime: phase25_watchdog_checkpoint=socket decision=continue redacted=true
I (19790) bitaxe_firmware::live_stratum_runtime: phase25_live_stratum_status=active redacted=true
I (19790) bitaxe_firmware::live_stratum_runtime: phase25_watchdog_checkpoint=socket decision=continue redacted=true
I (19800) bitaxe_firmware::live_stratum_runtime: phase25_watchdog_checkpoint=asic decision=continue redacted=true
I (19810) bitaxe_firmware::asic_adapter::production: asic_production_trace=result_read_attempt poll_timeout_ms=100
I (20020) bitaxe_firmware::live_stratum_runtime: phase25_watchdog_checkpoint=socket decision=continue redacted=true
I (20020) bitaxe_firmware::live_stratum_runtime: phase25_watchdog_checkpoint=asic decision=continue redacted=true
I (20020) bitaxe_firmware::asic_adapter::production: asic_production_trace=result_read_attempt poll_timeout_ms=100
I (20230) bitaxe_firmware::live_stratum_runtime: phase25_watchdog_checkpoint=socket decision=continue redacted=true
I (20230) bitaxe_firmware::live_stratum_runtime: phase25_watchdog_checkpoint=asic decision=continue redacted=true
I (20240) bitaxe_firmware::asic_adapter::production: asic_production_trace=result_read_attempt poll_timeout_ms=100
I (20450) bitaxe_firmware::live_stratum_runtime: phase25_watchdog_checkpoint=socket decision=continue redacted=true
I (20450) bitaxe_firmware::live_stratum_runtime: phase25_watchdog_checkpoint=asic decision=continue redacted=true
I (20450) bitaxe_firmware::asic_adapter::production: asic_production_trace=result_read_attempt poll_timeout_ms=100
I (20660) bitaxe_firmware::live_stratum_runtime: phase25_watchdog_checkpoint=socket decision=continue redacted=true
I (20660) bitaxe_firmware::live_stratum_runtime: phase25_watchdog_checkpoint=asic decision=continue redacted=true
I (20660) bitaxe_firmware::asic_adapter::production: asic_production_trace=result_read_attempt poll_timeout_ms=100
I (20870) bitaxe_firmware::live_stratum_runtime: phase25_watchdog_checkpoint=socket decision=continue redacted=true
I (20870) bitaxe_firmware::live_stratum_runtime: phase25_watchdog_checkpoint=asic decision=continue redacted=true
I (20880) bitaxe_firmware::asic_adapter::production: asic_production_trace=result_read_attempt poll_timeout_ms=100
I (21090) bitaxe_firmware::live_stratum_runtime: phase25_watchdog_checkpoint=socket decision=continue redacted=true
I (21090) bitaxe_firmware::live_stratum_runtime: phase25_watchdog_checkpoint=asic decision=continue redacted=true
I (21090) bitaxe_firmware::asic_adapter::production: asic_production_trace=result_read_attempt poll_timeout_ms=100
I (21300) bitaxe_firmware::live_stratum_runtime: phase25_watchdog_checkpoint=socket decision=continue redacted=true
I (21300) bitaxe_firmware::live_stratum_runtime: phase25_watchdog_checkpoint=asic decision=continue redacted=true
I (21310) bitaxe_firmware::asic_adapter::production: asic_production_trace=result_read_attempt poll_timeout_ms=100
I (21520) bitaxe_firmware::live_stratum_runtime: phase25_watchdog_checkpoint=socket decision=continue redacted=true
I (21520) bitaxe_firmware::live_stratum_runtime: phase25_watchdog_checkpoint=asic decision=continue redacted=true
I (21520) bitaxe_firmware::asic_adapter::production: asic_production_trace=result_read_attempt poll_timeout_ms=100
I (21730) bitaxe_firmware::live_stratum_runtime: phase25_watchdog_checkpoint=socket decision=continue redacted=true
I (21730) bitaxe_firmware::live_stratum_runtime: phase25_watchdog_checkpoint=asic decision=continue redacted=true
I (21730) bitaxe_firmware::asic_adapter::production: asic_production_trace=result_read_attempt poll_timeout_ms=100
I (21940) bitaxe_firmware::live_stratum_runtime: phase25_watchdog_checkpoint=socket decision=continue redacted=true
I (21940) bitaxe_firmware::live_stratum_runtime: phase25_watchdog_checkpoint=asic decision=continue redacted=true
I (21950) bitaxe_firmware::asic_adapter::production: asic_production_trace=result_read_attempt poll_timeout_ms=100
I (22160) bitaxe_firmware::live_stratum_runtime: phase25_watchdog_checkpoint=socket decision=continue redacted=true
I (22160) bitaxe_firmware::live_stratum_runtime: phase25_watchdog_checkpoint=asic decision=continue redacted=true
I (22160) bitaxe_firmware::asic_adapter::production: asic_production_trace=result_read_attempt poll_timeout_ms=100
I (22370) bitaxe_firmware::live_stratum_runtime: phase25_watchdog_checkpoint=socket decision=continue redacted=true
I (22380) bitaxe_firmware::live_stratum_runtime: phase25_watchdog_checkpoint=asic decision=continue redacted=true
I (22380) bitaxe_firmware::asic_adapter::production: asic_production_trace=result_read_attempt poll_timeout_ms=100
I (22590) bitaxe_firmware::live_stratum_runtime: phase25_watchdog_checkpoint=socket decision=continue redacted=true
I (22590) bitaxe_firmware::live_stratum_runtime: phase25_watchdog_checkpoint=asic decision=continue redacted=true
I (22590) bitaxe_firmware::asic_adapter::production: asic_production_trace=result_read_attempt poll_timeout_ms=100
I (22810) bitaxe_firmware::live_stratum_runtime: phase25_watchdog_checkpoint=socket decision=continue redacted=true
I (22810) bitaxe_firmware::live_stratum_runtime: phase25_watchdog_checkpoint=asic decision=continue redacted=true
I (22820) bitaxe_firmware::asic_adapter::production: asic_production_trace=result_read_attempt poll_timeout_ms=100
I (23030) bitaxe_firmware::live_stratum_runtime: phase25_watchdog_checkpoint=socket decision=continue redacted=true
I (23030) bitaxe_firmware::live_stratum_runtime: phase25_watchdog_checkpoint=asic decision=continue redacted=true
I (23040) bitaxe_firmware::asic_adapter::production: asic_production_trace=result_read_attempt poll_timeout_ms=100
I (23250) bitaxe_firmware::live_stratum_runtime: phase25_watchdog_checkpoint=socket decision=continue redacted=true
I (23250) bitaxe_firmware::live_stratum_runtime: phase25_watchdog_checkpoint=asic decision=continue redacted=true
I (23250) bitaxe_firmware::asic_adapter::production: asic_production_trace=result_read_attempt poll_timeout_ms=100
I (23470) bitaxe_firmware::live_stratum_runtime: phase25_watchdog_checkpoint=socket decision=continue redacted=true
I (23470) bitaxe_firmware::live_stratum_runtime: phase25_watchdog_checkpoint=asic decision=continue redacted=true
I (23480) bitaxe_firmware::asic_adapter::production: asic_production_trace=result_read_attempt poll_timeout_ms=100
I (23690) bitaxe_firmware::live_stratum_runtime: phase25_watchdog_checkpoint=socket decision=continue redacted=true
I (23690) bitaxe_firmware::live_stratum_runtime: phase25_watchdog_checkpoint=asic decision=continue redacted=true
I (23700) bitaxe_firmware::asic_adapter::production: asic_production_trace=result_read_attempt poll_timeout_ms=100
I (23910) bitaxe_firmware::live_stratum_runtime: phase25_watchdog_checkpoint=socket decision=continue redacted=true
I (23910) bitaxe_firmware::live_stratum_runtime: phase25_watchdog_checkpoint=asic decision=continue redacted=true
I (23920) bitaxe_firmware::asic_adapter::production: asic_production_trace=result_read_attempt poll_timeout_ms=100
I (24130) bitaxe_firmware::live_stratum_runtime: phase25_watchdog_checkpoint=socket decision=continue redacted=true
I (24130) bitaxe_firmware::live_stratum_runtime: phase25_watchdog_checkpoint=asic decision=continue redacted=true
I (24140) bitaxe_firmware::asic_adapter::production: asic_production_trace=result_read_attempt poll_timeout_ms=100
I (24350) bitaxe_firmware::live_stratum_runtime: phase25_watchdog_checkpoint=socket decision=continue redacted=true
I (24350) bitaxe_firmware::live_stratum_runtime: phase25_watchdog_checkpoint=asic decision=continue redacted=true
I (24350) bitaxe_firmware::asic_adapter::production: asic_production_trace=result_read_attempt poll_timeout_ms=100
I (24560) bitaxe_firmware::live_stratum_runtime: phase25_watchdog_checkpoint=socket decision=continue redacted=true
I (24560) bitaxe_firmware::live_stratum_runtime: phase25_watchdog_checkpoint=asic decision=continue redacted=true
I (24570) bitaxe_firmware::asic_adapter::production: asic_production_trace=result_read_attempt poll_timeout_ms=100
I (24780) bitaxe_firmware::live_stratum_runtime: phase25_watchdog_checkpoint=socket decision=continue redacted=true
I (24780) bitaxe_firmware::live_stratum_runtime: phase25_watchdog_checkpoint=asic decision=continue redacted=true
I (24780) bitaxe_firmware::asic_adapter::production: asic_production_trace=result_read_attempt poll_timeout_ms=100
I (24990) bitaxe_firmware::live_stratum_runtime: phase25_watchdog_checkpoint=socket decision=continue redacted=true
I (24990) bitaxe_firmware::live_stratum_runtime: phase25_watchdog_checkpoint=asic decision=continue redacted=true
I (24990) bitaxe_firmware::asic_adapter::production: asic_production_trace=result_read_attempt poll_timeout_ms=100
I (25200) bitaxe_firmware::live_stratum_runtime: phase25_watchdog_checkpoint=socket decision=continue redacted=true
I (25200) bitaxe_firmware::live_stratum_runtime: phase25_watchdog_checkpoint=asic decision=continue redacted=true
I (25210) bitaxe_firmware::asic_adapter::production: asic_production_trace=result_read_attempt poll_timeout_ms=100
I (25420) bitaxe_firmware::live_stratum_runtime: phase25_watchdog_checkpoint=socket decision=continue redacted=true
I (25420) bitaxe_firmware::live_stratum_runtime: phase25_watchdog_checkpoint=asic decision=continue redacted=true
I (25420) bitaxe_firmware::asic_adapter::production: asic_production_trace=result_read_attempt poll_timeout_ms=100
I (25630) bitaxe_firmware::live_stratum_runtime: phase25_watchdog_checkpoint=socket decision=continue redacted=true
I (25630) bitaxe_firmware::live_stratum_runtime: phase25_watchdog_checkpoint=asic decision=continue redacted=true
I (25640) bitaxe_firmware::asic_adapter::production: asic_production_trace=result_read_attempt poll_timeout_ms=100
I (25850) bitaxe_firmware::live_stratum_runtime: phase25_watchdog_checkpoint=socket decision=continue redacted=true
I (25850) bitaxe_firmware::live_stratum_runtime: phase25_watchdog_checkpoint=asic decision=continue redacted=true
I (25850) bitaxe_firmware::asic_adapter::production: asic_production_trace=result_read_attempt poll_timeout_ms=100
I (26060) bitaxe_firmware::live_stratum_runtime: phase25_watchdog_checkpoint=socket decision=continue redacted=true
I (26060) bitaxe_firmware::live_stratum_runtime: phase25_watchdog_checkpoint=asic decision=continue redacted=true
I (26060) bitaxe_firmware::asic_adapter::production: asic_production_trace=result_read_attempt poll_timeout_ms=100
I (26280) bitaxe_firmware::live_stratum_runtime: phase25_watchdog_checkpoint=socket decision=continue redacted=true
I (26280) bitaxe_firmware::live_stratum_runtime: phase25_watchdog_checkpoint=asic decision=continue redacted=true
I (26290) bitaxe_firmware::asic_adapter::production: asic_production_trace=result_read_attempt poll_timeout_ms=100
I (26500) bitaxe_firmware::live_stratum_runtime: phase25_watchdog_checkpoint=socket decision=continue redacted=true
I (26500) bitaxe_firmware::live_stratum_runtime: phase25_watchdog_checkpoint=asic decision=continue redacted=true
I (26500) bitaxe_firmware::asic_adapter::production: asic_production_trace=result_read_attempt poll_timeout_ms=100
I (26710) bitaxe_firmware::live_stratum_runtime: phase25_watchdog_checkpoint=socket decision=continue redacted=true
I (26710) bitaxe_firmware::live_stratum_runtime: phase25_watchdog_checkpoint=asic decision=continue redacted=true
I (26720) bitaxe_firmware::asic_adapter::production: asic_production_trace=result_read_attempt poll_timeout_ms=100
I (26930) bitaxe_firmware::live_stratum_runtime: phase25_watchdog_checkpoint=socket decision=continue redacted=true
I (26930) bitaxe_firmware::live_stratum_runtime: phase25_watchdog_checkpoint=asic decision=continue redacted=true
I (26940) bitaxe_firmware::asic_adapter::production: asic_production_trace=result_read_attempt poll_timeout_ms=100
I (27150) bitaxe_firmware::live_stratum_runtime: phase25_watchdog_checkpoint=socket decision=continue redacted=true
I (27150) bitaxe_firmware::live_stratum_runtime: phase25_watchdog_checkpoint=asic decision=continue redacted=true
I (27160) bitaxe_firmware::asic_adapter::production: asic_production_trace=result_read_attempt poll_timeout_ms=100
I (27370) bitaxe_firmware::live_stratum_runtime: phase25_watchdog_checkpoint=socket decision=continue redacted=true
I (27370) bitaxe_firmware::live_stratum_runtime: phase25_watchdog_checkpoint=asic decision=continue redacted=true
W (27380) bitaxe_firmware::asic_adapter::status: asic_production_status=fail_closed reason=production_result_timeout mining=disabled work_submission=disabled
I (27390) bitaxe_firmware::live_stratum_runtime: phase25_safe_stop_status=complete socket=stopped work_queue=invalidated active_work=invalidated mining=disabled hardware_control=disabled work_submission=disabled post_stop_snapshot=updated
I (27410) bitaxe_firmware::live_stratum_runtime: phase25_live_stratum_status=stopped redacted=true
I (27420) bitaxe_firmware::http_api: axeos_settings_patch=effects_applied
