phase14_thermal_fan
surface: thermal-fan
manifest: docs/parity/evidence/phase-20-active-safety-hardware-telemetry-evidence/active-thermal-fan/thermal-read/allow-thermal-fan-read.json
out_dir: docs/parity/evidence/phase-20-active-safety-hardware-telemetry-evidence/active-thermal-fan/thermal-read
serial_log: docs/parity/evidence/phase-20-active-safety-hardware-telemetry-evidence/safe-baseline/flash-monitor.log
safety_allow_command: bazel run //tools/parity:report -- safety-allow --manifest docs/parity/evidence/phase-20-active-safety-hardware-telemetry-evidence/active-thermal-fan/thermal-read/allow-thermal-fan-read.json --surface thermal-fan --allowed-command scripts/phase14-thermal-fan.sh --manifest docs/parity/evidence/phase-20-active-safety-hardware-telemetry-evidence/active-thermal-fan/thermal-read/allow-thermal-fan-read.json --surface thermal-fan --out-dir docs/parity/evidence/phase-20-active-safety-hardware-telemetry-evidence/active-thermal-fan/thermal-read
Computing main repo mapping:
Loading:
Loading: 0 packages loaded
Analyzing: target //tools/parity:report (1 packages loaded, 0 targets configured)
Analyzing: target //tools/parity:report (1 packages loaded, 0 targets configured)

INFO: Analyzed target //tools/parity:report (125 packages loaded, 4363 targets configured).
INFO: Found 1 target...
Target //tools/parity:report up-to-date:
  bazel-bin/tools/parity/report
INFO: Elapsed time: 0.348s, Critical Path: 0.01s
INFO: 1 process: 450 action cache hit, 1 internal.
INFO: Build completed successfully, 1 total action
INFO: Running command line: bazel-bin/tools/parity/report <args omitted>
safety_allow_status: passed
surface: thermal-fan
claim_tier: read-only-observation
evidence_class: hardware-smoke
checklist_rows: THR-001,THR-002,THR-003
thermal_claim: read-only-observation
fan_rpm_claim: read-only-observation
phase14_thermal_fan_status: pending - no fresh EMC2101 or fan RPM route observed
thermal_fan_status: pending - no fresh EMC2101 or fan RPM route observed
THR-001 conclusion: read-only thermal observation remains pending without fresh artifact
THR-002 conclusion: fan RPM observation remains pending without fresh artifact
THR-003 conclusion: pure PID coverage remains unit evidence only
fan_duty_status: pending - no production-safe bounded fan-duty route exists
non_claims: fan duty effects, overheat stimulus, fault injection
