phase14_live_telemetry
surface: live-api-websocket-telemetry
manifest: docs/parity/evidence/phase-20-active-safety-hardware-telemetry-evidence/live-api-websocket-telemetry/allow-live-telemetry.json
out_dir: docs/parity/evidence/phase-20-active-safety-hardware-telemetry-evidence/live-api-websocket-telemetry
safety_allow_command: bazel run //tools/parity:report -- safety-allow --manifest docs/parity/evidence/phase-20-active-safety-hardware-telemetry-evidence/live-api-websocket-telemetry/allow-live-telemetry.json --surface live-api-websocket-telemetry --allowed-command scripts/phase14-live-telemetry.sh --manifest docs/parity/evidence/phase-20-active-safety-hardware-telemetry-evidence/live-api-websocket-telemetry/allow-live-telemetry.json --out-dir docs/parity/evidence/phase-20-active-safety-hardware-telemetry-evidence/live-api-websocket-telemetry
INFO: Checking for file changes...
Computing main repo mapping:
Loading:
Loading: 0 packages loaded
Analyzing: target //tools/parity:report (0 packages loaded, 0 targets configured)
Analyzing: target //tools/parity:report (0 packages loaded, 0 targets configured)

INFO: Analyzed target //tools/parity:report (0 packages loaded, 0 targets configured).
INFO: Found 1 target...
Target //tools/parity:report up-to-date:
  bazel-bin/tools/parity/report
INFO: Elapsed time: 1.286s, Critical Path: 0.00s
INFO: 1 process: 1 internal.
INFO: Build completed successfully, 1 total action
INFO: Running command line: bazel-bin/tools/parity/report <args omitted>
safety_allow_status: passed
surface: live-api-websocket-telemetry
claim_tier: api-websocket-projection
evidence_class: hardware-smoke
checklist_rows: API-002,API-006,STAT-002,PWR-006,THR-001,THR-002,SAFE-07
DEVICE_URL status: blocked - missing DEVICE_URL
DEVICE_URL sanitized: [invalid-url]
api_telemetry_status: blocked
websocket_frame_status: pending - maintained WebSocket client unavailable
network_scan: disabled - DEVICE_URL must be explicit
conclusion: blocked - live API/WebSocket telemetry requires an explicit reachable DEVICE_URL and maintained WebSocket client
