[2026-07-05T20:31:14Z INFO ] 🚀 A new version of espflash is available: v4.4.0
[2026-07-05T20:31:14Z INFO ] Serial port: '/dev/cu.usbmodem1101'
[2026-07-05T20:31:14Z INFO ] Connecting...
[2026-07-05T20:31:14Z INFO ] Using flash stub
ESP-ROM:esp32s3-20210327
Build:Mar 27 2021
rst:0x15 (USB_UART_CHIP_RESET),boot:0x28 (SPI_FAST_FLASH_BOOT)
Saved PC:0x40378cab
SPIWP:0xee
mode:DIO, clock div:1
load:0x3fce2810,len:0x15a0
load:0x403c8700,len:0x4
load:0x403c8704,len:0xd24
load:0x403cb700,len:0x2f04
entry 0x403c8928
I (26) boot: ESP-IDF v5.4.1-426-g3ad36321ea 2nd stage bootloader
I (27) boot: compile time Apr 24 2025 15:55:11
I (27) boot: Multicore bootloader
I (28) boot: chip revision: v0.2
I (31) boot: efuse block revision: v1.3
I (35) boot.esp32s3: Boot SPI Speed : 80MHz
I (39) boot.esp32s3: SPI Mode       : DIO
I (42) boot.esp32s3: SPI Flash Size : 16MB
I (46) boot: Enabling RNG early entropy source...
I (51) boot: Partition Table:
I (53) boot: ## Label            Usage          Type ST Offset   Length
I (60) boot:  0 nvs              WiFi data        01 02 00009000 00006000
I (66) boot:  1 phy_init         RF data          01 01 0000f000 00001000
I (73) boot:  2 factory          factory app      00 00 00010000 00400000
I (79) boot:  3 www              Unknown data     01 82 00410000 00300000
I (86) boot:  4 ota_0            OTA app          00 10 00710000 00400000
I (92) boot:  5 ota_1            OTA app          00 11 00b10000 00400000
I (99) boot:  6 otadata          OTA data         01 00 00f10000 00002000
I (105) boot:  7 coredump         Unknown data     01 03 00f12000 00010000
I (112) boot: End of partition table
I (115) boot: Defaulting to factory image
I (119) esp_image: segment 0: paddr=00010020 vaddr=3c140020 size=43ee4h (278244) map
I (175) esp_image: segment 1: paddr=00053f0c vaddr=3fc9c300 size=05b64h ( 23396) load
I (181) esp_image: segment 2: paddr=00059a78 vaddr=40374000 size=065a0h ( 26016) load
I (187) esp_image: segment 3: paddr=00060020 vaddr=42000020 size=139eb0h (1285808) map
I (414) esp_image: segment 4: paddr=00199ed8 vaddr=4037a5a0 size=11ce4h ( 72932) load
I (430) esp_image: segment 5: paddr=001abbc4 vaddr=50000000 size=00020h (    32) load
I (440) boot: Loaded app from partition at offset 0x10000
I (440) boot: Disabling RNG early entropy source...
I (450) octal_psram: vendor id    : 0x0d (AP)
I (450) octal_psram: dev id       : 0x02 (generation 3)
I (450) octal_psram: density      : 0x03 (64 Mbit)
I (452) octal_psram: good-die     : 0x01 (Pass)
I (457) octal_psram: Latency      : 0x01 (Fixed)
I (461) octal_psram: VCC          : 0x01 (3V)
I (465) octal_psram: SRF          : 0x01 (Fast Refresh)
I (470) octal_psram: BurstType    : 0x01 (Hybrid Wrap)
I (475) octal_psram: BurstLen     : 0x01 (32 Byte)
I (479) octal_psram: Readlatency  : 0x02 (10 cycles@Fixed)
I (485) octal_psram: DriveStrength: 0x00 (1/1)
I (489) MSPI Timing: Enter psram timing tuning
I (494) esp_psram: Found 8MB PSRAM device
I (497) esp_psram: Speed: 80MHz
I (500) cpu_start: Multicore app
I (925) esp_psram: SPI SRAM memory test OK
I (934) cpu_start: GPIO 44 and 43 are used as console UART I/O pins
I (935) cpu_start: Pro cpu start user code
I (935) cpu_start: cpu freq: 160000000 Hz
I (936) app_init: Application information:
I (940) app_init: Project name:     libespidf
I (944) app_init: App version:      dc9266e-dirty
I (949) app_init: Compile time:     Jun 28 2026 15:45:05
I (954) app_init: ELF file SHA256:  000000000...
I (958) app_init: ESP-IDF:          v5.5.4
I (962) efuse_init: Min chip rev:     v0.0
I (966) efuse_init: Max chip rev:     v0.99 
I (970) efuse_init: Chip rev:         v0.2
I (973) heap_init: Initializing. RAM available for dynamic allocation:
I (980) heap_init: At 3FCA32A0 len 00046470 (281 KiB): RAM
I (985) heap_init: At 3FCE9710 len 00005724 (21 KiB): RAM
I (990) heap_init: At 3FCF0000 len 00008000 (32 KiB): DRAM
I (995) heap_init: At 600FE000 len 00001FE8 (7 KiB): RTCRAM
I (1001) esp_psram: Adding pool of 8178K of PSRAM memory to heap allocator
I (1008) spi_flash: detected chip: gd
I (1010) spi_flash: flash io: dio
W (1014) i2c: This driver is an old driver, please migrate your application code to adapt `driver/i2c_master.h`
I (1024) sleep_gpio: Configure to isolate all GPIO pins in sleep state
I (1030) sleep_gpio: Enable automatic switching of GPIO sleep configuration
I (1037) main_task: Started on CPU0
I (1047) esp_psram: Reserving pool of 32K of internal memory for DMA/internal allocations
I (1047) main_task: Calling app_main()
I (1047) bitaxe_firmware: bitaxe-rust boot: board=Ultra 205 asic=BM1366
I (1077) bitaxe_firmware: safe_state: mining=disabled asic_work_submission=disabled hardware_control=disabled
I (1087) esp_idf_svc::nvs: EspNvs dropped
I (1087) esp_idf_svc::nvs: NvsDefault dropped
W (1087) bitaxe_firmware::display_adapter: display_input_status=runtime_gap reason=hardware_evidence_pending startup_only=true
W (1097) bitaxe_firmware: display_status=deferred reason=phase27_safety_i2c0_in_use
I (1107) bitaxe_firmware::safety_adapter::phase27_bring_up: phase27_safety_bring_up=started
I (1117) bitaxe_firmware::asic_adapter::reset: asic_status=hold_reset_low gpio=1
I (1117) bitaxe_firmware::safety_adapter::asic_enable: asic_enable_status=active gpio=10
I (1127) bitaxe_firmware::safety_adapter::ds4432u: safety_voltage_effect=write setpoint_v=1.200 register=0xc6
I (1137) bitaxe_firmware::safety_adapter::emc2101: safety_fan_effect=write percent=70 register=0x2c
I (1657) bitaxe_firmware::safety_adapter::phase27_bring_up: safety_power_status=observed
I (1657) bitaxe_firmware::safety_adapter::phase27_bring_up: safety_thermal_status=observed
I (1657) bitaxe_firmware::safety_adapter::phase27_bring_up: safety_fan_status=startup_duty percent=70 rpm=7307
I (1887) bitaxe_firmware::safety_adapter::phase27_bring_up: asic_reset_status=post_bring_up_pulse
I (1887) bitaxe_firmware::safety_adapter::phase27_bring_up: phase27_safety_bring_up=complete
I (1887) uart: queue free spaces: 10
I (1897) bitaxe_firmware::asic_adapter::status: asic_status=chip_detect_only initialized=false mining=disabled work_submission=disabled
I (1907) bitaxe_firmware::asic_adapter::uart: asic_uart_trace=wait_tx_done outcome=Ok(()) elapsed_ms=0
I (1917) bitaxe_firmware::asic_adapter::uart: asic_uart_trace=tx len=11 hex=55 aa 51 09 00 a4 90 00 ff ff 1c
I (1927) bitaxe_firmware::asic_adapter::uart: asic_uart_trace=tx len=11 hex=55 aa 51 09 00 a4 90 00 ff ff 1c
I (1927) bitaxe_firmware::asic_adapter::uart: asic_uart_trace=tx len=11 hex=55 aa 51 09 00 a4 90 00 ff ff 1c
I (1937) bitaxe_firmware::asic_adapter::uart: asic_uart_trace=tx len=7 hex=55 aa 52 05 00 00 0a
I (1947) bitaxe_firmware::asic_adapter::uart: asic_uart_trace=wait_tx_done outcome=Ok(()) elapsed_ms=0
I (1957) bitaxe_firmware::asic_adapter::uart: asic_uart_trace=rx read_index=1 chunk_bytes=11 total_bytes=11 remaining_ms=999
I (1967) bitaxe_firmware::asic_adapter::uart: asic_uart_trace=rx_chunk hex=aa 55 13 66 00 00 00 00 00 00 05
I (1977) bitaxe_firmware::asic_adapter::uart: asic_uart_trace=rx_complete read_count=1 hex=aa 55 13 66 00 00 00 00 00 00 05
I (1987) bitaxe_firmware::asic_adapter::status: asic_status=chip_detected chips=1 initialized=false mining=disabled work_submission=disabled
I (1997) bitaxe_firmware::asic_adapter::status: asic_work_result_diagnostic=started mining=disabled work_submission=disabled
I (2017) bitaxe_firmware::asic_adapter::uart: asic_uart_trace=tx len=88 hex=55 aa 21 56 28 01 01 02 03 04 05 06 07 08 09 0a 0b 0c 11 11 11 11 11 11 11 11 11 11 11 11 11 11 11 11 11 11 11 11 11 11 11 11 11 11 11 11 11 11 11 11 22 22 22 22 22 22 22 22 22 22 22 22 22 22 22 22 22 22 22 22 22 22 22 22 22 22 22 22 22 22 22 22 33 34 35 36 1c 1f
I (2047) bitaxe_firmware::asic_adapter::status: bm1366_diagnostic_work=dispatched job_id=0x28 bytes=88 mining=disabled
I (12057) bitaxe_firmware::asic_adapter::reset: asic_status=hold_reset_low gpio=1
W (12057) bitaxe_firmware::asic_adapter::status: bm1366_diagnostic_result=timeout fail_closed=true mining=disabled work_submission=disabled
I (12057) bitaxe_firmware::asic_adapter::status: asic_status=fail_closed reason=work_result_diagnostic_timeout initialized=false mining=disabled work_submission=disabled
I (12077) bitaxe_firmware::boot_validation: ota_boot_validation=not_pending state=factory
I (12087) bitaxe_firmware::safety_adapter::watchdog: safety_supervisor=started thread=bitaxe-safety-supervisor cadence_ms=100
I (12097) bitaxe_firmware::safety_adapter::watchdog: safety_supervisor_step=yield reason=yield_interval_reached
I (12107) pp: pp rom version: e7ae62f
I (12117) net80211: net80211 rom version: e7ae62f
I (12127) wifi:wifi driver task: 3fcb2c40, prio:23, stack:6656, core=0
I (12127) wifi:wifi firmware version: 0947e8b
I (12127) wifi:wifi certification version: v7.0
I (12127) wifi:config NVS flash: disabled
I (12127) wifi:config nano formatting: disabled
I (12137) wifi:Init data frame dynamic rx buffer num: 32
I (12137) wifi:Init static rx mgmt buffer num: 5
I (12147) wifi:Init management short buffer num: 32
I (12147) wifi:Init static tx buffer num: 16
I (12157) wifi:Init tx cache buffer num: 32
I (12157) wifi:Init static tx FG buffer num: 2
I (12157) wifi:Init static rx buffer size: 1600
I (12167) wifi:Init static rx buffer num: 16
I (12167) wifi:Init dynamic rx buffer num: 32
I (12177) wifi_init: rx ba win: 16
I (12177) wifi_init: accept mbox: 6
I (12177) wifi_init: tcpip mbox: 32
I (12187) wifi_init: udp mbox: 6
I (12187) wifi_init: tcp mbox: 6
I (12187) wifi_init: tcp tx win: 5760
I (12187) wifi_init: tcp rx win: 5760
I (12197) wifi_init: tcp mss: 1440
I (12197) wifi_init: WiFi/LWIP prefer SPIRAM
I (12207) wifi_init: WiFi IRAM OP enabled
I (12207) wifi_init: WiFi RX IRAM OP enabled
I (12217) bitaxe_firmware::wifi_adapter: wifi_hostname_status=applied
I (12217) phy_init: phy_version 711,97bcf0a2,Aug 25 2025,19:04:10
W (12227) phy_init: failed to load RF calibration data (0x1102), falling back to full calibration
I (12267) phy_init: Saving new calibration data due to checksum failure or outdated calibration data, mode(2)
I (12277) wifi:mode : sta (f0:f5:bd:4a:ab:cc)
I (12277) wifi:enable tsf
I (14757) wifi:new:<11,0>, old:<1,0>, ap:<255,255>, sta:<11,0>, prof:1, snd_ch_cfg:0x0
I (14757) wifi:state: init -> auth (0xb0)
I (14887) wifi:state: auth -> assoc (0x0)
I (14907) wifi:state: assoc -> run (0x10)
I (14927) wifi:connected with AptOn42, aid = 1, channel 11, BW20, bssid = 24:e5:0f:32:81:f2
I (14927) wifi:security: WPA2-PSK, phy: bgn, rssi: -42, cipher(pairwise:0x3, group:0x3), pmf:0
I (14927) wifi:pm start, type: 1

I (14927) wifi:dp: 1, bi: 102400, li: 3, scale listen interval from 307200 us to 307200 us
I (14937) wifi:set rx beacon pti, rx_bcn_pti: 0, bcn_timeout: 25000, mt_pti: 0, mt_time: 10000
I (14947) wifi:dp: 2, bi: 102400, li: 4, scale listen interval from 307200 us to 409600 us
I (14957) wifi:AP's beacon interval = 102400 us, DTIM period = 2
I (15247) wifi:<ba-add>idx:0 (ifx:0, 24:e5:0f:32:81:f2), tid:0, ssn:0, winSize:64
I (15467) wifi:<ba-add>idx:1 (ifx:0, 24:e5:0f:32:81:f2), tid:6, ssn:2, winSize:64
I (16477) esp_netif_handlers: sta ip: 192.168.86.69, mask: 255.255.255.0, gw: 192.168.86.1
I (16477) bitaxe_firmware::wifi_adapter: wifi_status=connected ipv4=192.168.86.69 device_url=http://192.168.86.69
I (16657) bitaxe_firmware::filesystem: spiffs_mount=available partition=www total_bytes=2884241 used_bytes=4518
I (16657) esp_idf_svc::http::server: Started Httpd server with config Configuration { http_port: 80, ctrl_port: 32768, https_port: 443, core: None, max_sessions: 16, session_timeout: 1200s, task_caps: 2052, stack_size: 8192, max_open_sockets: 7, max_uri_handlers: 32, max_resp_headers: 8, lru_purge_enable: true, uri_match_wildcard: true }
I (16697) esp_idf_svc::nvs: EspNvs dropped
I (16697) esp_idf_svc::nvs: NvsDefault dropped
I (16697) esp_idf_svc::http::server: Registered Httpd server handler Get for URI "/recovery"
I (16707) esp_idf_svc::http::server: Registered Httpd server handler Get for URI "/api/system/info"
I (16707) esp_idf_svc::http::server: Registered Httpd server handler Patch for URI "/api/system"
I (16717) esp_idf_svc::http::server: Registered Httpd server handler Get for URI "/api/system/logs"
I (16727) esp_idf_svc::http::server: Registered Httpd server handler Get for URI "/api/system/asic"
I (16737) esp_idf_svc::http::server: Registered Httpd server handler Get for URI "/api/system/statistics"
I (16747) esp_idf_svc::http::server: Registered Httpd server handler Get for URI "/api/system/scoreboard"
I (16757) esp_idf_svc::http::server: Registered Httpd server handler Post for URI "/api/system/pause"
I (16767) esp_idf_svc::http::server: Registered Httpd server handler Post for URI "/api/system/resume"
I (16777) esp_idf_svc::http::server: Registered Httpd server handler Post for URI "/api/system/restart"
I (16787) esp_idf_svc::http::server: Registered Httpd server handler Post for URI "/api/system/identify"
I (16787) esp_idf_svc::http::server: Registered Httpd server handler Post for URI "/api/system/blockFound/dismiss"
I (16797) esp_idf_svc::http::server: Registered Httpd server handler Post for URI "/api/system/OTA"
I (16807) esp_idf_svc::http::server: Registered Httpd server handler Post for URI "/api/system/OTAWWW"
I (16817) esp_idf_svc::http::server: Registered Httpd server handler Get for URI "/api/*"
I (16827) esp_idf_svc::http::server: Registered Httpd server handler Post for URI "/api/*"
I (16837) esp_idf_svc::http::server: Registered Httpd server handler Patch for URI "/api/*"
I (16847) esp_idf_svc::http::server: Registered Httpd server handler Get for URI "/*"
I (16847) bitaxe_firmware::http_api: axeos_api_route_shell=started manifest_routes=17 firmware_update_routes=1 otawww_gap_routes=1 recovery_routes=1 static_file_routes=1
I (16867) bitaxe_firmware::live_stratum_runtime: phase25_watchdog_checkpoint=socket decision=continue redacted=true
I (16877) bitaxe_firmware::live_stratum_runtime: phase25_watchdog_checkpoint=asic decision=continue redacted=true
I (16887) bitaxe_firmware::live_stratum_runtime: phase25_watchdog_checkpoint=api decision=continue redacted=true
I (16897) bitaxe_firmware::live_stratum_runtime: phase25_watchdog_checkpoint=websocket decision=continue redacted=true
I (16907) bitaxe_firmware::live_stratum_runtime: phase25_watchdog_checkpoint=evidence_capture decision=continue redacted=true
I (16917) bitaxe_firmware: reset_reason=11
I (16917) bitaxe_firmware: partition=factory
I (16927) bitaxe_firmware: psram_status=available
I (16927) bitaxe_firmware: firmware_commit=255d495d7ec3
I (16937) bitaxe_firmware: reference_commit=c1915b0a63bfabebdb95a515cedfee05146c1d50
I (16937) bitaxe_firmware: esp_idf_version=v5.5.4
I (16947) bitaxe_firmware: rust_target=xtensa-esp32s3-espidf
I (16947) main_task: Returned from app_main()
I (17427) bitaxe_firmware::live_stratum_runtime: phase25_live_stratum_status=waiting_for_pool_settings redacted=true
I (19437) bitaxe_firmware::live_stratum_runtime: phase25_live_stratum_status=waiting_for_pool_settings redacted=true
I (21447) bitaxe_firmware::live_stratum_runtime: phase25_live_stratum_status=waiting_for_pool_settings redacted=true
I (23457) bitaxe_firmware::live_stratum_runtime: phase25_live_stratum_status=waiting_for_pool_settings redacted=true
