[2026-07-05T22:54:38Z INFO ] 🚀 A new version of espflash is available: v4.4.0
[2026-07-05T22:54:38Z INFO ] Serial port: '/dev/cu.usbmodem1101'
[2026-07-05T22:54:38Z INFO ] Connecting...
[2026-07-05T22:54:38Z INFO ] Using flash stub
ESP-ROM:esp32s3-20210327
Build:Mar 27 2021
rst:0x15 (USB_UART_CHIP_RESET),boot:0x28 (SPI_FAST_FLASH_BOOT)
Saved PC:0x40378d09
SPIWP:0xee
mode:DIO, clock div:1
load:0x3fce2810,len:0x15a0
load:0x403c8700,len:0x4
load:0x403c8704,len:0xd24
load:0x403cb700,len:0x2f04
entry 0x403c8928
I (26) boot: ESP-IDF v5.4.1-426-g3ad36321ea 2nd stage bootloader
I (27) boot: compile time Apr 24 2025 15:55:11
I (27) boot: Multicore bootloader
I (28) boot: chip revision: v0.2
I (31) boot: efuse block revision: v1.3
I (35) boot.esp32s3: Boot SPI Speed : 80MHz
I (39) boot.esp32s3: SPI Mode       : DIO
I (42) boot.esp32s3: SPI Flash Size : 16MB
I (46) boot: Enabling RNG early entropy source...
I (51) boot: Partition Table:
I (53) boot: ## Label            Usage          Type ST Offset   Length
I (60) boot:  0 nvs              WiFi data        01 02 00009000 00006000
I (66) boot:  1 phy_init         RF data          01 01 0000f000 00001000
I (73) boot:  2 factory          factory app      00 00 00010000 00400000
I (79) boot:  3 www              Unknown data     01 82 00410000 00300000
I (86) boot:  4 ota_0            OTA app          00 10 00710000 00400000
I (92) boot:  5 ota_1            OTA app          00 11 00b10000 00400000
I (99) boot:  6 otadata          OTA data         01 00 00f10000 00002000
I (105) boot:  7 coredump         Unknown data     01 03 00f12000 00010000
I (112) boot: End of partition table
I (115) boot: Defaulting to factory image
I (119) esp_image: segment 0: paddr=00010020 vaddr=3c140020 size=448f4h (280820) map
I (176) esp_image: segment 1: paddr=0005491c vaddr=3fc9c300 size=05b64h ( 23396) load
I (181) esp_image: segment 2: paddr=0005a488 vaddr=40374000 size=05b90h ( 23440) load
I (187) esp_image: segment 3: paddr=00060020 vaddr=42000020 size=13c4fch (1295612) map
I (416) esp_image: segment 4: paddr=0019c524 vaddr=40379b90 size=126f4h ( 75508) load
I (432) esp_image: segment 5: paddr=001aec20 vaddr=50000000 size=00020h (    32) load
I (442) boot: Loaded app from partition at offset 0x10000
I (443) boot: Disabling RNG early entropy source...
I (453) octal_psram: vendor id    : 0x0d (AP)
I (453) octal_psram: dev id       : 0x02 (generation 3)
I (453) octal_psram: density      : 0x03 (64 Mbit)
I (455) octal_psram: good-die     : 0x01 (Pass)
I (459) octal_psram: Latency      : 0x01 (Fixed)
I (464) octal_psram: VCC          : 0x01 (3V)
I (468) octal_psram: SRF          : 0x01 (Fast Refresh)
I (473) octal_psram: BurstType    : 0x01 (Hybrid Wrap)
I (477) octal_psram: BurstLen     : 0x01 (32 Byte)
I (482) octal_psram: Readlatency  : 0x02 (10 cycles@Fixed)
I (487) octal_psram: DriveStrength: 0x00 (1/1)
I (491) MSPI Timing: Enter psram timing tuning
I (496) esp_psram: Found 8MB PSRAM device
I (499) esp_psram: Speed: 80MHz
I (502) cpu_start: Multicore app
I (928) esp_psram: SPI SRAM memory test OK
I (936) cpu_start: GPIO 44 and 43 are used as console UART I/O pins
I (937) cpu_start: Pro cpu start user code
I (937) cpu_start: cpu freq: 160000000 Hz
I (939) app_init: Application information:
I (943) app_init: Project name:     libespidf
I (947) app_init: App version:      dc9266e-dirty
I (951) app_init: Compile time:     Jun 28 2026 15:45:05
I (956) app_init: ELF file SHA256:  000000000...
I (960) app_init: ESP-IDF:          v5.5.4
I (964) efuse_init: Min chip rev:     v0.0
I (968) efuse_init: Max chip rev:     v0.99 
I (972) efuse_init: Chip rev:         v0.2
I (976) heap_init: Initializing. RAM available for dynamic allocation:
I (982) heap_init: At 3FCA32A0 len 00046470 (281 KiB): RAM
I (987) heap_init: At 3FCE9710 len 00005724 (21 KiB): RAM
I (993) heap_init: At 3FCF0000 len 00008000 (32 KiB): DRAM
I (998) heap_init: At 600FE000 len 00001FE8 (7 KiB): RTCRAM
I (1003) esp_psram: Adding pool of 8178K of PSRAM memory to heap allocator
I (1010) spi_flash: detected chip: gd
I (1013) spi_flash: flash io: dio
W (1016) i2c: This driver is an old driver, please migrate your application code to adapt `driver/i2c_master.h`
I (1026) sleep_gpio: Configure to isolate all GPIO pins in sleep state
I (1032) sleep_gpio: Enable automatic switching of GPIO sleep configuration
I (1039) main_task: Started on CPU0
I (1049) esp_psram: Reserving pool of 32K of internal memory for DMA/internal allocations
I (1049) main_task: Calling app_main()
I (1049) bitaxe_firmware: bitaxe-rust boot: board=Ultra 205 asic=BM1366
I (1079) bitaxe_firmware: safe_state: mining=disabled asic_work_submission=disabled hardware_control=disabled
I (1089) esp_idf_svc::nvs: EspNvs dropped
I (1089) esp_idf_svc::nvs: NvsDefault dropped
W (1089) bitaxe_firmware::display_adapter: display_input_status=runtime_gap reason=hardware_evidence_pending startup_only=true
W (1099) bitaxe_firmware: display_status=deferred reason=phase27_safety_i2c0_in_use
I (1109) bitaxe_firmware::safety_adapter::phase27_bring_up: phase27_safety_bring_up=started
I (1119) bitaxe_firmware::asic_adapter::reset: asic_status=hold_reset_low gpio=1
I (1119) bitaxe_firmware::safety_adapter::asic_enable: asic_enable_status=active gpio=10
I (1129) bitaxe_firmware::safety_adapter::ds4432u: safety_voltage_effect=write setpoint_v=1.200 register=0xc6
I (1139) bitaxe_firmware::safety_adapter::emc2101: safety_fan_effect=write percent=70 register=0x2c
I (1659) bitaxe_firmware::safety_adapter::phase27_bring_up: safety_power_status=observed
I (1659) bitaxe_firmware::safety_adapter::phase27_bring_up: safety_thermal_status=observed
I (1659) bitaxe_firmware::safety_adapter::phase27_bring_up: safety_fan_status=startup_duty percent=70 rpm=7346
I (1889) bitaxe_firmware::safety_adapter::phase27_bring_up: asic_reset_status=post_bring_up_pulse
I (1889) bitaxe_firmware::safety_adapter::phase27_bring_up: phase27_safety_bring_up=complete
I (1889) uart: queue free spaces: 10
I (1899) bitaxe_firmware::asic_adapter::status: asic_status=chip_detect_only initialized=false mining=disabled work_submission=disabled
I (1909) bitaxe_firmware::asic_adapter::uart: asic_uart_trace=wait_tx_done outcome=Ok(()) elapsed_ms=0
I (1919) bitaxe_firmware::asic_adapter::uart: asic_uart_trace=tx len=11 hex=55 aa 51 09 00 a4 90 00 ff ff 1c
I (1929) bitaxe_firmware::asic_adapter::uart: asic_uart_trace=tx len=11 hex=55 aa 51 09 00 a4 90 00 ff ff 1c
I (1929) bitaxe_firmware::asic_adapter::uart: asic_uart_trace=tx len=11 hex=55 aa 51 09 00 a4 90 00 ff ff 1c
I (1939) bitaxe_firmware::asic_adapter::uart: asic_uart_trace=tx len=7 hex=55 aa 52 05 00 00 0a
I (1949) bitaxe_firmware::asic_adapter::uart: asic_uart_trace=wait_tx_done outcome=Ok(()) elapsed_ms=0
I (1959) bitaxe_firmware::asic_adapter::uart: asic_uart_trace=rx read_index=1 chunk_bytes=11 total_bytes=11 remaining_ms=999
I (1969) bitaxe_firmware::asic_adapter::uart: asic_uart_trace=rx_chunk hex=aa 55 13 66 00 00 00 00 00 00 05
I (1979) bitaxe_firmware::asic_adapter::uart: asic_uart_trace=rx_complete read_count=1 hex=aa 55 13 66 00 00 00 00 00 00 05
I (1989) bitaxe_firmware::asic_adapter::status: asic_status=chip_detected chips=1 initialized=false mining=disabled work_submission=disabled
I (2009) bitaxe_firmware::asic_adapter: asic_work_result_trace=mining_ready_init_started chip_count=1 actions=23
I (2009) bitaxe_firmware::asic_adapter: asic_work_result_trace=init_action kind=write_frame len=11
I (2019) bitaxe_firmware::asic_adapter::uart: asic_uart_trace=tx len=11 hex=55 aa 51 09 00 a8 00 07 00 00 03
I (2029) bitaxe_firmware::asic_adapter: asic_work_result_trace=init_action kind=write_frame len=11
I (2039) bitaxe_firmware::asic_adapter::uart: asic_uart_trace=tx len=11 hex=55 aa 51 09 00 18 ff 0f c1 00 00
I (2049) bitaxe_firmware::asic_adapter: asic_work_result_trace=init_action kind=write_frame len=7
I (2059) bitaxe_firmware::asic_adapter::uart: asic_uart_trace=tx len=7 hex=55 aa 53 05 00 00 03
I (2069) bitaxe_firmware::asic_adapter: asic_work_result_trace=init_action kind=write_frame len=7
I (2079) bitaxe_firmware::asic_adapter::uart: asic_uart_trace=tx len=7 hex=55 aa 40 05 00 00 1c
I (2089) bitaxe_firmware::asic_adapter: asic_work_result_trace=init_action kind=write_frame len=11
I (2089) bitaxe_firmware::asic_adapter::uart: asic_uart_trace=tx len=11 hex=55 aa 51 09 00 3c 80 00 85 40 0c
I (2099) bitaxe_firmware::asic_adapter: asic_work_result_trace=init_action kind=write_frame len=11
I (2109) bitaxe_firmware::asic_adapter::uart: asic_uart_trace=tx len=11 hex=55 aa 51 09 00 3c 80 00 80 20 19
I (2119) bitaxe_firmware::asic_adapter: asic_work_result_trace=init_action kind=write_frame len=11
I (2129) bitaxe_firmware::asic_adapter::uart: asic_uart_trace=tx len=11 hex=55 aa 51 09 00 14 00 00 80 ff 04
I (2139) bitaxe_firmware::asic_adapter: asic_work_result_trace=init_action kind=write_frame len=11
I (2149) bitaxe_firmware::asic_adapter::uart: asic_uart_trace=tx len=11 hex=55 aa 51 09 00 54 00 00 00 03 1d
I (2159) bitaxe_firmware::asic_adapter: asic_work_result_trace=init_action kind=write_frame len=11
I (2169) bitaxe_firmware::asic_adapter::uart: asic_uart_trace=tx len=11 hex=55 aa 51 09 00 58 02 11 11 11 06
I (2179) bitaxe_firmware::asic_adapter: asic_work_result_trace=init_action kind=write_frame len=11
I (2189) bitaxe_firmware::asic_adapter::uart: asic_uart_trace=tx len=11 hex=55 aa 41 09 00 2c 00 7c 00 03 03
I (2189) bitaxe_firmware::asic_adapter: asic_work_result_trace=init_action kind=write_frame len=11
I (2199) bitaxe_firmware::asic_adapter::uart: asic_uart_trace=tx len=11 hex=55 aa 41 09 00 a8 00 07 01 f0 15
I (2209) bitaxe_firmware::asic_adapter: asic_work_result_trace=init_action kind=write_frame len=11
I (2219) bitaxe_firmware::asic_adapter::uart: asic_uart_trace=tx len=11 hex=55 aa 41 09 00 18 f0 00 c1 00 0c
I (2229) bitaxe_firmware::asic_adapter: asic_work_result_trace=init_action kind=write_frame len=11
I (2239) bitaxe_firmware::asic_adapter::uart: asic_uart_trace=tx len=11 hex=55 aa 41 09 00 3c 80 00 85 40 04
I (2249) bitaxe_firmware::asic_adapter: asic_work_result_trace=init_action kind=write_frame len=11
I (2259) bitaxe_firmware::asic_adapter::uart: asic_uart_trace=tx len=11 hex=55 aa 41 09 00 3c 80 00 80 20 11
I (2269) bitaxe_firmware::asic_adapter: asic_work_result_trace=init_action kind=write_frame len=11
I (2279) bitaxe_firmware::asic_adapter::uart: asic_uart_trace=tx len=11 hex=55 aa 41 09 00 3c 80 00 82 aa 05
I (2289) bitaxe_firmware::asic_adapter: asic_work_result_trace=init_action kind=write_frame len=11
I (2289) bitaxe_firmware::asic_adapter::uart: asic_uart_trace=tx len=11 hex=55 aa 51 09 00 08 50 c2 02 40 1c
I (2299) bitaxe_firmware::asic_adapter: asic_work_result_trace=init_action kind=write_frame len=11
I (2309) bitaxe_firmware::asic_adapter::uart: asic_uart_trace=tx len=11 hex=55 aa 51 09 00 10 00 0d 32 24 10
I (2319) bitaxe_firmware::asic_adapter: asic_work_result_trace=init_action kind=write_frame len=11
I (2329) bitaxe_firmware::asic_adapter::uart: asic_uart_trace=tx len=11 hex=55 aa 51 09 00 a4 90 00 ff ff 1c
I (2339) bitaxe_firmware::asic_adapter: asic_work_result_trace=init_action kind=write_frame len=11
I (2349) bitaxe_firmware::asic_adapter::uart: asic_uart_trace=tx len=11 hex=55 aa 51 09 00 28 11 30 02 00 03
I (2359) bitaxe_firmware::asic_adapter: asic_work_result_trace=init_action kind=wait_tx_done timeout_ms=1000
I (2369) bitaxe_firmware::asic_adapter::uart: asic_uart_trace=wait_tx_done outcome=Ok(()) elapsed_ms=0
I (2379) bitaxe_firmware::asic_adapter: asic_work_result_trace=init_action kind=use_max_baud baud=1000000
I (2389) bitaxe_firmware::asic_adapter::uart: asic_uart_trace=wait_tx_done outcome=Ok(()) elapsed_ms=0
I (2399) bitaxe_firmware::asic_adapter: asic_work_result_trace=init_action kind=clear_rx
I (2399) bitaxe_firmware::asic_adapter::uart: asic_uart_trace=clear_rx
I (2409) bitaxe_firmware::asic_adapter: asic_work_result_trace=init_action kind=publish_status status=InitializedNoMining
I (2419) bitaxe_firmware::asic_adapter::status: asic_status=initialized_no_mining initialized=true mining=disabled work_submission=disabled
I (2429) bitaxe_firmware::asic_adapter: asic_work_result_trace=mining_ready_init_complete
I (2439) bitaxe_firmware::asic_adapter::status: asic_work_result_diagnostic=started mining=disabled work_submission=disabled
I (2449) bitaxe_firmware::asic_adapter::uart: asic_uart_trace=tx len=88 hex=55 aa 21 56 28 01 01 02 03 04 05 06 07 08 09 0a 0b 0c 11 11 11 11 11 11 11 11 11 11 11 11 11 11 11 11 11 11 11 11 11 11 11 11 11 11 11 11 11 11 11 11 22 22 22 22 22 22 22 22 22 22 22 22 22 22 22 22 22 22 22 22 22 22 22 22 22 22 22 22 22 22 22 22 33 34 35 36 1c 1f
I (2479) bitaxe_firmware::asic_adapter::uart: asic_uart_trace=wait_tx_done outcome=Ok(()) elapsed_ms=0
I (2489) bitaxe_firmware::asic_adapter: asic_work_result_trace=work_tx_done elapsed_from_dispatch=0
I (2499) bitaxe_firmware::asic_adapter::status: bm1366_diagnostic_work=dispatched job_id=0x28 bytes=88 mining=disabled
I (2509) bitaxe_firmware::asic_adapter: asic_work_result_trace=result_read_start address_interval=256 timeout_ms=10000
I (12519) bitaxe_firmware::asic_adapter: asic_work_result_trace=initialized_no_mining_bootstrap timeout
I (12519) bitaxe_firmware::asic_adapter::status: bm1366_diagnostic_result=bounded_no_result bootstrap=initialized_no_mining mining=disabled work_submission=disabled
I (12529) bitaxe_firmware::asic_adapter::status: asic_production_status=initialized
I (12539) bitaxe_firmware::boot_validation: ota_boot_validation=not_pending state=factory
I (12539) bitaxe_firmware::safety_adapter::watchdog: safety_supervisor=started thread=bitaxe-safety-supervisor cadence_ms=100
I (12549) bitaxe_firmware::safety_adapter::watchdog: safety_supervisor_step=yield reason=yield_interval_reached
I (12569) pp: pp rom version: e7ae62f
I (12569) net80211: net80211 rom version: e7ae62f
I (12579) wifi:wifi driver task: 3fcb2c40, prio:23, stack:6656, core=0
I (12579) wifi:wifi firmware version: 0947e8b
I (12579) wifi:wifi certification version: v7.0
I (12589) wifi:config NVS flash: disabled
I (12589) wifi:config nano formatting: disabled
I (12589) wifi:Init data frame dynamic rx buffer num: 32
I (12599) wifi:Init static rx mgmt buffer num: 5
I (12599) wifi:Init management short buffer num: 32
I (12609) wifi:Init static tx buffer num: 16
I (12609) wifi:Init tx cache buffer num: 32
I (12619) wifi:Init static tx FG buffer num: 2
I (12619) wifi:Init static rx buffer size: 1600
I (12629) wifi:Init static rx buffer num: 16
I (12629) wifi:Init dynamic rx buffer num: 32
I (12629) wifi_init: rx ba win: 16
I (12639) wifi_init: accept mbox: 6
I (12639) wifi_init: tcpip mbox: 32
I (12639) wifi_init: udp mbox: 6
I (12649) wifi_init: tcp mbox: 6
I (12649) wifi_init: tcp tx win: 5760
I (12649) wifi_init: tcp rx win: 5760
I (12659) wifi_init: tcp mss: 1440
I (12659) wifi_init: WiFi/LWIP prefer SPIRAM
I (12659) wifi_init: WiFi IRAM OP enabled
I (12669) wifi_init: WiFi RX IRAM OP enabled
I (12669) bitaxe_firmware::wifi_adapter: wifi_hostname_status=applied
I (12679) phy_init: phy_version 711,97bcf0a2,Aug 25 2025,19:04:10
W (12679) phy_init: failed to load RF calibration data (0x1102), falling back to full calibration
I (12719) phy_init: Saving new calibration data due to checksum failure or outdated calibration data, mode(2)
I (12739) wifi:mode : sta ([redacted-mac])
I (12739) wifi:enable tsf
I (15219) wifi:new:<11,0>, old:<1,0>, ap:<255,255>, sta:<11,0>, prof:1, snd_ch_cfg:0x0
I (15219) wifi:state: init -> auth (0xb0)
I (15349) wifi:state: auth -> assoc (0x0)
I (15369) wifi:state: assoc -> run (0x10)
I (15459) wifi:connected with [redacted-ssid], aid = 1, channel 11, BW20, bssid = [redacted-mac]
I (15459) wifi:security: WPA2-PSK, phy: bgn, rssi: -45, cipher(pairwise:0x3, group:0x3), pmf:0
I (15469) wifi:pm start, type: 1

I (15469) wifi:dp: 1, bi: 102400, li: 3, scale listen interval from 307200 us to 307200 us
I (15479) wifi:set rx beacon pti, rx_bcn_pti: 0, bcn_timeout: 25000, mt_pti: 0, mt_time: 10000
I (15519) wifi:dp: 2, bi: 102400, li: 4, scale listen interval from 307200 us to 409600 us
I (15519) wifi:AP's beacon interval = 102400 us, DTIM period = 2
I (15939) wifi:<ba-add>idx:0 (ifx:0, [redacted-mac]), tid:0, ssn:0, winSize:64
I (15989) wifi:<ba-add>idx:1 (ifx:0, [redacted-mac]), tid:6, ssn:2, winSize:64
I (16999) esp_netif_handlers: sta ip: [redacted-ip], mask: [redacted-ip], gw: [redacted-ip]
I (16999) bitaxe_firmware::wifi_adapter: wifi_status=connected ipv4=[redacted-ip][redacted-ip] device_url=[redacted-url]
I (17179) bitaxe_firmware::filesystem: spiffs_mount=available partition=www total_bytes=2884241 used_bytes=4518
I (17179) esp_idf_svc::http::server: Started Httpd server with config Configuration { http_port: 80, ctrl_port: 32768, https_port: 443, core: None, max_sessions: 16, session_timeout: 1200s, task_caps: 2052, stack_size: 8192, max_open_sockets: 7, max_uri_handlers: 32, max_resp_headers: 8, lru_purge_enable: true, uri_match_wildcard: true }
I (17219) esp_idf_svc::nvs: EspNvs dropped
I (17219) esp_idf_svc::nvs: NvsDefault dropped
I (17219) esp_idf_svc::http::server: Registered Httpd server handler Get for URI "/recovery"
I (17229) esp_idf_svc::http::server: Registered Httpd server handler Get for URI "/api/system/info"
I (17239) esp_idf_svc::http::server: Registered Httpd server handler Patch for URI "/api/system"
I (17239) esp_idf_svc::http::server: Registered Httpd server handler Get for URI "/api/system/logs"
I (17249) esp_idf_svc::http::server: Registered Httpd server handler Get for URI "/api/system/asic"
I (17259) esp_idf_svc::http::server: Registered Httpd server handler Get for URI "/api/system/statistics"
I (17269) esp_idf_svc::http::server: Registered Httpd server handler Get for URI "/api/system/scoreboard"
I (17279) esp_idf_svc::http::server: Registered Httpd server handler Post for URI "/api/system/pause"
I (17289) esp_idf_svc::http::server: Registered Httpd server handler Post for URI "/api/system/resume"
I (17299) esp_idf_svc::http::server: Registered Httpd server handler Post for URI "/api/system/restart"
I (17309) esp_idf_svc::http::server: Registered Httpd server handler Post for URI "/api/system/identify"
I (17319) esp_idf_svc::http::server: Registered Httpd server handler Post for URI "/api/system/blockFound/dismiss"
I (17329) esp_idf_svc::http::server: Registered Httpd server handler Post for URI "/api/system/OTA"
I (17339) esp_idf_svc::http::server: Registered Httpd server handler Post for URI "/api/system/OTAWWW"
I (17339) esp_idf_svc::http::server: Registered Httpd server handler Get for URI "/api/*"
I (17349) esp_idf_svc::http::server: Registered Httpd server handler Post for URI "/api/*"
I (17359) esp_idf_svc::http::server: Registered Httpd server handler Patch for URI "/api/*"
I (17369) esp_idf_svc::http::server: Registered Httpd server handler Get for URI "/*"
I (17379) bitaxe_firmware::http_api: axeos_api_route_shell=started manifest_routes=17 firmware_update_routes=1 otawww_gap_routes=1 recovery_routes=1 static_file_routes=1
I (17389) bitaxe_firmware::live_stratum_runtime: phase25_watchdog_checkpoint=socket decision=continue redacted=true
I (17399) bitaxe_firmware::live_stratum_runtime: phase25_watchdog_checkpoint=asic decision=continue redacted=true
I (17409) bitaxe_firmware::live_stratum_runtime: phase25_watchdog_checkpoint=api decision=continue redacted=true
I (17419) bitaxe_firmware::live_stratum_runtime: phase25_watchdog_checkpoint=websocket decision=continue redacted=true
I (17429) bitaxe_firmware::live_stratum_runtime: phase25_watchdog_checkpoint=evidence_capture decision=continue redacted=true
I (17439) bitaxe_firmware: reset_reason=11
I (17449) bitaxe_firmware: partition=factory
I (17449) bitaxe_firmware: psram_status=available
I (17449) bitaxe_firmware: firmware_commit=0bc4bb38c980
I (17459) bitaxe_firmware: reference_commit=c1915b0a63bfabebdb95a515cedfee05146c1d50
I (17469) bitaxe_firmware: esp_idf_version=v5.5.4
I (17469) bitaxe_firmware: rust_target=xtensa-esp32s3-espidf
I (17479) main_task: Returned from app_main()
I (17949) bitaxe_firmware::live_stratum_runtime: phase25_live_stratum_status=waiting_for_pool_settings redacted=true
I (19039) bitaxe_firmware::http_api: axeos_settings_patch=accepted writes=4 effects=0
I (19059) esp_idf_svc::nvs: EspNvs dropped
I (19059) bitaxe_firmware::http_api: axeos_settings_patch=persistence_committed writes=4
I (19059) bitaxe_firmware::http_api: axeos_settings_patch=response_scheduled status=200 empty_body=true
I (19069) bitaxe_firmware::http_api: axeos_settings_patch=effects_scheduled
I (19079) esp_idf_svc::nvs: EspNvs dropped
I (19079) esp_idf_svc::nvs: NvsDefault dropped
I (19189) bitaxe_firmware::live_stratum_runtime: phase25_live_stratum_status=blocked phase25_prerequisite_status=thermal_reading_invalid redacted=true
I (19189) bitaxe_firmware::live_stratum_runtime: phase25_safe_stop_status=complete socket=stopped work_queue=invalidated active_work=invalidated mining=disabled hardware_control=disabled work_submission=disabled post_stop_snapshot=updated
I (19209) bitaxe_firmware::live_stratum_runtime: phase25_live_stratum_status=stopped redacted=true
I (19219) bitaxe_firmware::http_api: axeos_settings_patch=effects_applied
